[    0.000000] Initializing cgroup subsys cpuset
[    0.000000] Initializing cgroup subsys cpu
[    0.000000] Initializing cgroup subsys cpuacct
[    0.000000] Linux version 4.4.0-210-generic (buildd@lgw01-amd64-009) (gcc version 5.4.0 20160609 (Ubuntu 5.4.0-6ubuntu1~16.04.12) ) #242-Ubuntu SMP Fri Apr 16 09:57:56 UTC 2021 (Ubuntu 4.4.0-210.242-generic 4.4.262)
[    0.000000] Command line: BOOT_IMAGE=/boot/vmlinuz-4.4.0-210-generic root=LABEL=cloudimg-rootfs ro console=tty1 console=ttyS0
[    0.000000] KERNEL supported cpus:
[    0.000000]   Intel GenuineIntel
[    0.000000]   AMD AuthenticAMD
[    0.000000]   Centaur CentaurHauls
[    0.000000] x86/fpu: xstate_offset[2]:  576, xstate_sizes[2]:  256
[    0.000000] x86/fpu: Supporting XSAVE feature 0x01: 'x87 floating point registers'
[    0.000000] x86/fpu: Supporting XSAVE feature 0x02: 'SSE registers'
[    0.000000] x86/fpu: Supporting XSAVE feature 0x04: 'AVX registers'
[    0.000000] x86/fpu: Enabled xstate features 0x7, context size is 832 bytes, using 'standard' format.
[    0.000000] e820: BIOS-provided physical RAM map:
[    0.000000] BIOS-e820: [mem 0x0000000000000000-0x000000000009fbff] usable
[    0.000000] BIOS-e820: [mem 0x000000000009fc00-0x000000000009ffff] reserved
[    0.000000] BIOS-e820: [mem 0x00000000000f0000-0x00000000000fffff] reserved
[    0.000000] BIOS-e820: [mem 0x0000000000100000-0x000000003ffeffff] usable
[    0.000000] BIOS-e820: [mem 0x000000003fff0000-0x000000003fffffff] ACPI data
[    0.000000] BIOS-e820: [mem 0x00000000fec00000-0x00000000fec00fff] reserved
[    0.000000] BIOS-e820: [mem 0x00000000fee00000-0x00000000fee00fff] reserved
[    0.000000] BIOS-e820: [mem 0x00000000fffc0000-0x00000000ffffffff] reserved
[    0.000000] NX (Execute Disable) protection: active
[    0.000000] SMBIOS 2.5 present.
[    0.000000] Hypervisor detected: KVM
[    0.000000] e820: last_pfn = 0x3fff0 max_arch_pfn = 0x400000000
[    0.000000] MTRR: Disabled
[    0.000000] x86/PAT: MTRRs disabled, skipping PAT initialization too.
[    0.000000] CPU MTRRs all blank - virtualized system.
[    0.000000] x86/PAT: Configuration [0-7]: WB  WT  UC- UC  WB  WT  UC- UC  
[    0.000000] found SMP MP-table at [mem 0x0009fff0-0x0009ffff] mapped at [ffff88000009fff0]
[    0.000000] Scanning 1 areas for low memory corruption
[    0.000000] RAMDISK: [mem 0x362de000-0x37166fff]
[    0.000000] ACPI: Early table checksum verification disabled
[    0.000000] ACPI: RSDP 0x00000000000E0000 000024 (v02 VBOX  )
[    0.000000] ACPI: XSDT 0x000000003FFF0030 00003C (v01 VBOX   VBOXXSDT 00000001 ASL  00000061)
[    0.000000] ACPI: FACP 0x000000003FFF00F0 0000F4 (v04 VBOX   VBOXFACP 00000001 ASL  00000061)
[    0.000000] ACPI: DSDT 0x000000003FFF0470 002325 (v02 VBOX   VBOXBIOS 00000002 INTL 20100528)
[    0.000000] ACPI: FACS 0x000000003FFF0200 000040
[    0.000000] ACPI: FACS 0x000000003FFF0200 000040
[    0.000000] ACPI: APIC 0x000000003FFF0240 00005C (v02 VBOX   VBOXAPIC 00000001 ASL  00000061)
[    0.000000] ACPI: SSDT 0x000000003FFF02A0 0001CC (v01 VBOX   VBOXCPUT 00000002 INTL 20100528)
[    0.000000] No NUMA configuration found
[    0.000000] Faking a node at [mem 0x0000000000000000-0x000000003ffeffff]
[    0.000000] NODE_DATA(0) allocated [mem 0x3ffeb000-0x3ffeffff]
[    0.000000] kvm-clock: Using msrs 4b564d01 and 4b564d00
[    0.000000] kvm-clock: cpu 0, msr 0:3ffe3001, primary cpu clock
[    0.000000] kvm-clock: using sched offset of 3052760711 cycles
[    0.000000] clocksource: kvm-clock: mask: 0xffffffffffffffff max_cycles: 0x1cd42e4dffb, max_idle_ns: 881590591483 ns
[    0.000000] Zone ranges:
[    0.000000]   DMA      [mem 0x0000000000001000-0x0000000000ffffff]
[    0.000000]   DMA32    [mem 0x0000000001000000-0x000000003ffeffff]
[    0.000000]   Normal   empty
[    0.000000]   Device   empty
[    0.000000] Movable zone start for each node
[    0.000000] Early memory node ranges
[    0.000000]   node   0: [mem 0x0000000000001000-0x000000000009efff]
[    0.000000]   node   0: [mem 0x0000000000100000-0x000000003ffeffff]
[    0.000000] Initmem setup node 0 [mem 0x0000000000001000-0x000000003ffeffff]
[    0.000000] ACPI: PM-Timer IO Port: 0x4008
[    0.000000] IOAPIC[0]: apic_id 2, version 32, address 0xfec00000, GSI 0-23
[    0.000000] ACPI: INT_SRC_OVR (bus 0 bus_irq 0 global_irq 2 dfl dfl)
[    0.000000] ACPI: INT_SRC_OVR (bus 0 bus_irq 9 global_irq 9 low level)
[    0.000000] Using ACPI (MADT) for SMP configuration information
[    0.000000] smpboot: Allowing 2 CPUs, 0 hotplug CPUs
[    0.000000] PM: Registered nosave memory: [mem 0x00000000-0x00000fff]
[    0.000000] PM: Registered nosave memory: [mem 0x0009f000-0x0009ffff]
[    0.000000] PM: Registered nosave memory: [mem 0x000a0000-0x000effff]
[    0.000000] PM: Registered nosave memory: [mem 0x000f0000-0x000fffff]
[    0.000000] e820: [mem 0x40000000-0xfebfffff] available for PCI devices
[    0.000000] Booting paravirtualized kernel on KVM
[    0.000000] clocksource: refined-jiffies: mask: 0xffffffff max_cycles: 0xffffffff, max_idle_ns: 7645519600211568 ns
[    0.000000] setup_percpu: NR_CPUS:512 nr_cpumask_bits:512 nr_cpu_ids:2 nr_node_ids:1
[    0.000000] PERCPU: Embedded 33 pages/cpu @ffff88003fc00000 s95192 r8192 d31784 u1048576
[    0.000000] Built 1 zonelists in Node order, mobility grouping on.  Total pages: 257912
[    0.000000] Policy zone: DMA32
[    0.000000] Kernel command line: BOOT_IMAGE=/boot/vmlinuz-4.4.0-210-generic root=LABEL=cloudimg-rootfs ro console=tty1 console=ttyS0
[    0.000000] PID hash table entries: 4096 (order: 3, 32768 bytes)
[    0.000000] Memory: 997796K/1048120K available (8644K kernel code, 1332K rwdata, 4044K rodata, 1492K init, 1164K bss, 50324K reserved, 0K cma-reserved)
[    0.000000] SLUB: HWalign=64, Order=0-3, MinObjects=0, CPUs=2, Nodes=1
[    0.000000] Kernel/User page tables isolation: enabled
[    0.000000] Hierarchical RCU implementation.
[    0.000000] 	Build-time adjustment of leaf fanout to 64.
[    0.000000] 	RCU restricting CPUs from NR_CPUS=512 to nr_cpu_ids=2.
[    0.000000] RCU: Adjusting geometry for rcu_fanout_leaf=64, nr_cpu_ids=2
[    0.000000] NR_IRQS:33024 nr_irqs:440 16
[    0.000000] Console: colour VGA+ 80x25
[    0.000000] console [tty1] enabled
[    0.000000] console [ttyS0] enabled
[    0.000000] tsc: Detected 3600.060 MHz processor
[    0.094575] Calibrating delay loop (skipped) preset value.. 7200.12 BogoMIPS (lpj=14400240)
[    0.095780] pid_max: default: 32768 minimum: 301
[    0.096457] ACPI: Core revision 20150930
[    0.097705] ACPI: 2 ACPI AML tables successfully acquired and loaded
[    0.099455] Security Framework initialized
[    0.100049] Yama: becoming mindful.
[    0.100621] AppArmor: AppArmor initialized
[    0.101292] Dentry cache hash table entries: 131072 (order: 8, 1048576 bytes)
[    0.102694] Inode-cache hash table entries: 65536 (order: 7, 524288 bytes)
[    0.103636] Mount-cache hash table entries: 2048 (order: 2, 16384 bytes)
[    0.104434] Mountpoint-cache hash table entries: 2048 (order: 2, 16384 bytes)
[    0.106644] Initializing cgroup subsys io
[    0.107276] Initializing cgroup subsys memory
[    0.107915] Initializing cgroup subsys devices
[    0.108644] Initializing cgroup subsys freezer
[    0.109315] Initializing cgroup subsys net_cls
[    0.110045] Initializing cgroup subsys perf_event
[    0.110686] Initializing cgroup subsys net_prio
[    0.111354] Initializing cgroup subsys hugetlb
[    0.112068] Initializing cgroup subsys pids
[    0.124027] mce: CPU supports 0 MCE banks
[    0.124650] Last level iTLB entries: 4KB 128, 2MB 8, 4MB 8
[    0.125359] Last level dTLB entries: 4KB 64, 2MB 0, 4MB 0, 1GB 4
[    0.126172] Spectre V1 : Mitigation: usercopy/swapgs barriers and __user pointer sanitization
[    0.127310] Spectre V2 : Mitigation: Full generic retpoline
[    0.128080] Spectre V2 : Spectre v2 / SpectreRSB mitigation: Filling RSB on context switch
[    0.129231] Speculative Store Bypass: Vulnerable
[    0.129878] SRBDS: Unknown: Dependent on hypervisor status
[    0.130752] MDS: Mitigation: Clear CPU buffers
[    0.133335] Freeing SMP alternatives memory: 36K
[    0.138525] ftrace: allocating 32380 entries in 127 pages
[    0.185757] smpboot: APIC(0) Converting physical 0 to logical package 0
[    0.186788] smpboot: Max logical packages: 1
[    0.187588] x2apic enabled
[    0.188294] Switched APIC routing to physical x2apic.
[    0.189856] ..TIMER: vector=0x30 apic1=0 pin1=2 apic2=-1 pin2=-1
[    0.298735] smpboot: CPU0: Intel(R) Core(TM) i5-8600K CPU @ 3.60GHz (family: 0x6, model: 0x9e, stepping: 0xa)
[    0.300408] Performance Events: unsupported p6 CPU model 158 no PMU driver, software events only.
[    0.310179] KVM setup paravirtual spinlock
[    0.311689] x86: Booting SMP configuration:
[    0.312398] .... node  #0, CPUs:      #1
[    0.313200] kvm-clock: cpu 1, msr 0:3ffe3041, secondary cpu clock
[    0.329068] mce: CPU supports 0 MCE banks
[    0.331513] x86: Booted up 1 node, 2 CPUs
[    0.332298] smpboot: Total of 2 processors activated (14400.24 BogoMIPS)
[    0.333647] devtmpfs: initialized
[    0.335783] evm: security.selinux
[    0.340775] evm: security.SMACK64
[    0.341342] evm: security.SMACK64EXEC
[    0.341909] evm: security.SMACK64TRANSMUTE
[    0.343133] evm: security.SMACK64MMAP
[    0.343705] evm: security.ima
[    0.344217] evm: security.capability
[    0.344985] clocksource: jiffies: mask: 0xffffffff max_cycles: 0xffffffff, max_idle_ns: 7645041785100000 ns
[    0.346299] futex hash table entries: 512 (order: 3, 32768 bytes)
[    0.347315] pinctrl core: initialized pinctrl subsystem
[    0.348126] RTC time: 20:40:16, date: 05/06/21
[    0.349051] NET: Registered protocol family 16
[    0.358445] cpuidle: using governor ladder
[    0.369749] cpuidle: using governor menu
[    0.370383] PCCT header not found.
[    0.371152] ACPI: bus type PCI registered
[    0.371834] acpiphp: ACPI Hot Plug PCI Controller Driver version: 0.5
[    0.372737] PCI: Using configuration type 1 for base access
[    0.386364] ACPI: Added _OSI(Module Device)
[    0.387079] ACPI: Added _OSI(Processor Device)
[    0.387759] ACPI: Added _OSI(3.0 _SCP Extensions)
[    0.388463] ACPI: Added _OSI(Processor Aggregator Device)
[    0.390659] ACPI: Executed 1 blocks of module-level executable AML code
[    0.393065] ACPI: Interpreter enabled
[    0.393639] ACPI: (supports S0 S5)
[    0.394164] ACPI: Using IOAPIC for interrupt routing
[    0.395059] PCI: Using host bridge windows from ACPI; if necessary, use "pci=nocrs" and report a bug
[    0.398795] ACPI: PCI Root Bridge [PCI0] (domain 0000 [bus 00-ff])
[    0.399648] acpi PNP0A03:00: _OSC: OS supports [ASPM ClockPM Segments MSI]
[    0.400885] acpi PNP0A03:00: _OSC: not requesting OS control; OS requires [ExtendedConfig ASPM ClockPM MSI]
[    0.402200] acpi PNP0A03:00: fail to add MMCONFIG information, can't access extended PCI configuration space under this bridge.
[    0.404035] PCI host bridge to bus 0000:00
[    0.406117] pci_bus 0000:00: root bus resource [io  0x0000-0x0cf7 window]
[    0.407019] pci_bus 0000:00: root bus resource [io  0x0d00-0xffff window]
[    0.407858] pci_bus 0000:00: root bus resource [mem 0x000a0000-0x000bffff window]
[    0.408948] pci_bus 0000:00: root bus resource [mem 0x40000000-0xfdffffff window]
[    0.410005] pci_bus 0000:00: root bus resource [bus 00-ff]
[    0.412355] pci 0000:00:01.1: legacy IDE quirk: reg 0x10: [io  0x01f0-0x01f7]
[    0.413271] pci 0000:00:01.1: legacy IDE quirk: reg 0x14: [io  0x03f6]
[    0.414131] pci 0000:00:01.1: legacy IDE quirk: reg 0x18: [io  0x0170-0x0177]
[    0.421755] pci 0000:00:01.1: legacy IDE quirk: reg 0x1c: [io  0x0376]
[    0.435854] pci 0000:00:07.0: quirk: [io  0x4000-0x403f] claimed by PIIX4 ACPI
[    0.436999] pci 0000:00:07.0: quirk: [io  0x4100-0x410f] claimed by PIIX4 SMB
[    0.447159] ACPI: PCI Interrupt Link [LNKA] (IRQs 5 9 10 *11)
[    0.448367] ACPI: PCI Interrupt Link [LNKB] (IRQs 5 9 *10 11)
[    0.449497] ACPI: PCI Interrupt Link [LNKC] (IRQs 5 *9 10 11)
[    0.450711] ACPI: PCI Interrupt Link [LNKD] (IRQs 5 9 10 *11)
[    0.451813] ACPI: Enabled 2 GPEs in block 00 to 07
[    0.452831] vgaarb: setting as boot device: PCI:0000:00:02.0
[    0.454013] vgaarb: device added: PCI:0000:00:02.0,decodes=io+mem,owns=io+mem,locks=none
[    0.455344] vgaarb: loaded
[    0.455813] vgaarb: bridge control possible 0000:00:02.0
[    0.456737] SCSI subsystem initialized
[    0.457525] ACPI: bus type USB registered
[    0.458152] usbcore: registered new interface driver usbfs
[    0.458947] usbcore: registered new interface driver hub
[    0.459645] usbcore: registered new device driver usb
[    0.460903] PCI: Using ACPI for IRQ routing
[    0.461762] NetLabel: Initializing
[    0.462316] NetLabel:  domain hash size = 128
[    0.463024] NetLabel:  protocols = UNLABELED CIPSOv4
[    0.463737] NetLabel:  unlabeled traffic allowed by default
[    0.464656] amd_nb: Cannot enumerate AMD northbridges
[    0.465405] clocksource: Switched to clocksource kvm-clock
[    0.470581] AppArmor: AppArmor Filesystem Enabled
[    0.471866] pnp: PnP ACPI init
[    0.472884] pnp: PnP ACPI: found 3 devices
[    0.481144] clocksource: acpi_pm: mask: 0xffffff max_cycles: 0xffffff, max_idle_ns: 2085701024 ns
[    0.482446] NET: Registered protocol family 2
[    0.483216] TCP established hash table entries: 8192 (order: 4, 65536 bytes)
[    0.484148] TCP bind hash table entries: 8192 (order: 5, 131072 bytes)
[    0.485015] TCP: Hash tables configured (established 8192 bind 8192)
[    0.486011] UDP hash table entries: 512 (order: 2, 16384 bytes)
[    0.486866] UDP-Lite hash table entries: 512 (order: 2, 16384 bytes)
[    0.488078] NET: Registered protocol family 1
[    0.488789] pci 0000:00:00.0: Limiting direct PCI/PCI transfers
[    0.489656] pci 0000:00:01.0: Activating ISA DMA hang workarounds
[    0.490546] Unpacking initramfs...
[    0.650976] Freeing initrd memory: 14884K
[    0.651716] clocksource: tsc: mask: 0xffffffffffffffff max_cycles: 0x33e48c2ddf9, max_idle_ns: 440795317019 ns
[    0.653180] platform rtc_cmos: registered platform RTC device (no PNP device found)
[    0.654567] Scanning for low memory corruption every 60 seconds
[    0.655747] audit: initializing netlink subsys (disabled)
[    0.656622] audit: type=2000 audit(1620333620.853:1): initialized
[    0.657698] Initialise system trusted keyring
[    0.658623] HugeTLB registered 2 MB page size, pre-allocated 0 pages
[    0.660673] zbud: loaded
[    0.661580] VFS: Disk quotas dquot_6.6.0
[    0.662242] VFS: Dquot-cache hash table entries: 512 (order 0, 4096 bytes)
[    0.663398] squashfs: version 4.0 (2009/01/31) Phillip Lougher
[    0.664438] fuse init (API version 7.23)
[    0.665231] Key type big_key registered
[    0.665859] Allocating IMA MOK and blacklist keyrings.
[    0.667716] Key type asymmetric registered
[    0.668338] Asymmetric key parser 'x509' registered
[    0.669084] Block layer SCSI generic (bsg) driver version 0.4 loaded (major 249)
[    0.670288] io scheduler noop registered
[    0.671127] io scheduler deadline registered (default)
[    0.671873] io scheduler cfq registered
[    0.672607] pci_hotplug: PCI Hot Plug PCI Core version: 0.5
[    0.673345] pciehp: PCI Express Hot Plug Controller Driver version: 0.4
[    0.674373] ACPI: AC Adapter [AC] (on-line)
[    0.675060] input: Power Button as /devices/LNXSYSTM:00/LNXPWRBN:00/input/input0
[    0.676126] ACPI: Power Button [PWRF]
[    0.676741] input: Sleep Button as /devices/LNXSYSTM:00/LNXSLPBN:00/input/input1
[    0.677826] ACPI: Sleep Button [SLPF]
[    0.678562] GHES: HEST is not enabled!
[    0.679380] Serial: 8250/16550 driver, 32 ports, IRQ sharing enabled
[    0.700605] 00:02: ttyS0 at I/O 0x3f8 (irq = 4, base_baud = 115200) is a 16550A
[    0.704088] Linux agpgart interface v0.103
[    0.706127] loop: module loaded
[    0.707084] scsi host0: ata_piix
[    0.707710] scsi host1: ata_piix
[    0.708231] ata1: PATA max UDMA/33 cmd 0x1f0 ctl 0x3f6 bmdma 0xd000 irq 14
[    0.709118] ata2: PATA max UDMA/33 cmd 0x170 ctl 0x376 bmdma 0xd008 irq 15
[    0.710295] libphy: Fixed MDIO Bus: probed
[    0.711065] tun: Universal TUN/TAP device driver, 1.6
[    0.711745] tun: (C) 1999-2004 Max Krasnyansky <maxk@qualcomm.com>
[    0.712667] PPP generic driver version 2.4.2
[    0.713355] ehci_hcd: USB 2.0 'Enhanced' Host Controller (EHCI) Driver
[    0.714248] ehci-pci: EHCI PCI platform driver
[    0.715036] ehci-platform: EHCI generic platform driver
[    0.715806] ohci_hcd: USB 1.1 'Open' Host Controller (OHCI) Driver
[    0.716640] ohci-pci: OHCI PCI platform driver
[    0.717289] ohci-platform: OHCI generic platform driver
[    0.718050] uhci_hcd: USB Universal Host Controller Interface driver
[    0.718939] i8042: PNP: PS/2 Controller [PNP0303:PS2K,PNP0f03:PS2M] at 0x60,0x64 irq 1,12
[    0.720764] serio: i8042 KBD port at 0x60,0x64 irq 1
[    0.721461] serio: i8042 AUX port at 0x60,0x64 irq 12
[    0.722327] mousedev: PS/2 mouse device common for all mice
[    0.723344] input: AT Translated Set 2 keyboard as /devices/platform/i8042/serio0/input/input2
[    0.724842] rtc_cmos rtc_cmos: rtc core: registered rtc_cmos as rtc0
[    0.725769] rtc_cmos rtc_cmos: alarms up to one day, 114 bytes nvram
[    0.726572] i2c /dev entries driver
[    0.727175] device-mapper: uevent: version 1.0.3
[    0.727946] device-mapper: ioctl: 4.34.0-ioctl (2015-10-28) initialised: dm-devel@redhat.com
[    0.729158] ledtrig-cpu: registered to indicate activity on CPUs
[    0.730300] NET: Registered protocol family 10
[    0.731113] NET: Registered protocol family 17
[    0.731767] Key type dns_resolver registered
[    0.732711] registered taskstats version 1
[    0.733295] Loading compiled-in X.509 certificates
[    0.734396] Loaded X.509 cert 'Build time autogenerated kernel key: cf00e047681d67edb2720680708b7d9498083038'
[    0.735700] zswap: loaded using pool lzo/zbud
[    0.737995] Key type trusted registered
[    0.741339] Key type encrypted registered
[    0.741969] AppArmor: AppArmor sha1 policy hashing enabled
[    0.742744] ima: No TPM chip found, activating TPM-bypass!
[    0.743544] ima: Allocated hash algorithm: sha1
[    0.744208] evm: HMAC attrs: 0x1
[    0.744961]   Magic number: 5:698:699
[    0.745676] rtc_cmos rtc_cmos: setting system clock to 2021-05-06 20:40:16 UTC (1620333616)
[    0.746926] BIOS EDD facility v0.16 2004-Jun-25, 0 devices found
[    0.747687] EDD information not available.
[    0.897719] Freeing unused kernel memory: 1492K
[    0.899427] Write protecting the kernel read-only data: 14336k
[    0.902019] Freeing unused kernel memory: 1584K
[    0.903822] Freeing unused kernel memory: 52K
Loading, please wait...
starting version 229
[    0.920375] random: systemd-udevd: uninitialized urandom read (16 bytes read, 3 bits of entropy available)
[    0.921065] random: udevadm: uninitialized urandom read (16 bytes read, 3 bits of entropy available)
[    0.921094] random: udevadm: uninitialized urandom read (16 bytes read, 3 bits of entropy available)
[    0.926014] random: systemd-udevd: uninitialized urandom read (16 bytes read, 3 bits of entropy available)
[    0.927976] random: systemd-udevd: uninitialized urandom read (16 bytes read, 3 bits of entropy available)
[    0.929375] random: udevadm: uninitialized urandom read (16 bytes read, 3 bits of entropy available)
[    0.929438] random: udevadm: uninitialized urandom read (16 bytes read, 3 bits of entropy available)
[    0.929590] random: udevadm: uninitialized urandom read (16 bytes read, 3 bits of entropy available)
[    0.929651] random: udevadm: uninitialized urandom read (16 bytes read, 3 bits of entropy available)
[    0.929709] random: udevadm: uninitialized urandom read (16 bytes read, 3 bits of entropy available)
[    0.974058] e1000: Intel(R) PRO/1000 Network Driver - version 7.3.21-k8-NAPI
[    0.975054] e1000: Copyright (c) 1999-2006 Intel Corporation.
[    0.975907] Fusion MPT base driver 3.04.20
[    0.976597] Copyright (c) 1999-2008 LSI Corporation
[    0.980099] Fusion MPT SPI Host driver 3.04.20
[    0.999273] AVX2 version of gcm_enc/dec engaged.
[    1.000074] AES CTR mode by8 optimization enabled
[    1.183333] input: ImExPS/2 Generic Explorer Mouse as /devices/platform/i8042/serio1/input/input4
[    1.304095] e1000 0000:00:03.0 eth0: (PCI:33MHz:32-bit) 02:ed:98:3c:8e:82
[    1.304996] e1000 0000:00:03.0 eth0: Intel(R) PRO/1000 Network Connection
[    1.961345] e1000 0000:00:08.0 eth1: (PCI:33MHz:32-bit) 08:00:27:b9:d0:07
[    1.962298] e1000 0000:00:08.0 eth1: Intel(R) PRO/1000 Network Connection
[    1.964218] e1000 0000:00:03.0 enp0s3: renamed from eth0
[    1.965442] mptbase: ioc0: Initiating bringup
[    1.977713] e1000 0000:00:08.0 enp0s8: renamed from eth1
[    2.038293] ioc0: LSI53C1030 A0: Capabilities={Initiator}
[    2.209340] scsi host2: ioc0: LSI53C1030 A0, FwRev=00000000h, Ports=1, MaxQ=256, IRQ=20
[    2.326389] scsi 2:0:0:0: Direct-Access     VBOX     HARDDISK         1.0  PQ: 0 ANSI: 5
[    2.331097] scsi target2:0:0: Beginning Domain Validation
[    2.336161] scsi target2:0:0: Domain Validation skipping write tests
[    2.339249] scsi target2:0:0: Ending Domain Validation
[    2.342001] scsi target2:0:0: asynchronous
[    2.345167] scsi 2:0:1:0: Direct-Access     VBOX     HARDDISK         1.0  PQ: 0 ANSI: 5
[    2.349144] scsi target2:0:1: Beginning Domain Validation
[    2.366245] scsi target2:0:1: Domain Validation skipping write tests
[    2.367547] scsi target2:0:1: Ending Domain Validation
[    2.368638] scsi target2:0:1: asynchronous
[    2.378215] sd 2:0:0:0: Attached scsi generic sg0 type 0
[    2.379114] sd 2:0:0:0: [sda] 83886080 512-byte logical blocks: (42.9 GB/40.0 GiB)
[    2.381010] sd 2:0:1:0: Attached scsi generic sg1 type 0
[    2.381101] sd 2:0:1:0: [sdb] 20480 512-byte logical blocks: (10.5 MB/10.0 MiB)
[    2.381129] sd 2:0:0:0: [sda] Write Protect is off
[    2.382977] sd 2:0:0:0: [sda] Incomplete mode parameter data
[    2.382978] sd 2:0:0:0: [sda] Assuming drive cache: write through
[    2.383698] sd 2:0:1:0: [sdb] Write Protect is off
[    2.386888] sd 2:0:1:0: [sdb] Incomplete mode parameter data
[    2.387658] sd 2:0:1:0: [sdb] Assuming drive cache: write through
[    2.390935]  sda: sda1
[    2.392488] sd 2:0:0:0: [sda] Attached SCSI disk
[    2.393148] sd 2:0:1:0: [sdb] Attached SCSI disk
Begin: Loading essential drivers ... [    3.902656] md: linear personality registered for level -1
[    3.905664] md: multipath personality registered for level -4
[    3.908301] md: raid0 personality registered for level 0
[    3.911765] md: raid1 personality registered for level 1
[    4.002230] raid6: sse2x1   gen() 16033 MB/s
[    4.081456] raid6: sse2x1   xor() 12709 MB/s
[    4.157723] raid6: sse2x2   gen() 20380 MB/s
[    4.237724] raid6: sse2x2   xor() 14636 MB/s
[    4.313500] raid6: sse2x4   gen() 22974 MB/s
[    4.393513] raid6: sse2x4   xor() 15749 MB/s
[    4.465979] raid6: avx2x1   gen() 26470 MB/s
[    4.537633] raid6: avx2x2   gen() 35472 MB/s
[    4.610574] raid6: avx2x4   gen() 39413 MB/s
[    4.611256] raid6: using algorithm avx2x4 gen() 39413 MB/s
[    4.612008] raid6: using avx2x2 recovery algorithm
[    4.613557] xor: automatically using best checksumming function:
[    4.653423]    avx       : 26683.000 MB/sec
[    4.655141] async_tx: api initialized (async)
[    4.661968] md: raid6 personality registered for level 6
[    4.662795] md: raid5 personality registered for level 5
[    4.663541] md: raid4 personality registered for level 4
[    4.668731] md: raid10 personality registered for level 10
done.
Begin: Running /scripts/init-premount ... done.
Begin: Mounting root file system ... Begin: Running /scripts/local-top ... done.
Begin: Running /scripts/local-premount ... [    4.691470] Btrfs loaded
Scanning for Btrfs filesystems
done.
Warning: fsck not present, so skipping root file system
[    4.720166] EXT4-fs (sda1): mounted filesystem with ordered data mode. Opts: (null)
done.
Begin: Running /scripts/local-bottom ... done.
Begin: Running /scripts/init-bottom ... done.
[    4.856450] systemd[1]: systemd 229 running in system mode. (+PAM +AUDIT +SELINUX +IMA +APPARMOR +SMACK +SYSVINIT +UTMP +LIBCRYPTSETUP +GCRYPT +GNUTLS +ACL +XZ -LZ4 +SECCOMP +BLKID +ELFUTILS +KMOD -IDN)
[    4.868433] systemd[1]: Detected virtualization oracle.
[    4.871687] systemd[1]: Detected architecture x86-64.

Welcome to [1mUbuntu 16.04.7 LTS[0m!

[    4.878008] systemd[1]: Set hostname to <ubuntu>.
[    4.882725] systemd[1]: Initializing machine ID from random generator.
[    4.884944] systemd[1]: Installed transient /etc/machine-id file.
[    5.110058] systemd[1]: Started Trigger resolvconf update for networkd DNS.
[[0;32m  OK  [0m] Started Trigger resolvconf update for networkd DNS.
[    5.113898] systemd[1]: Reached target User and Group Name Lookups.
[[0;32m  OK  [0m] Reached target User and Group Name Lookups.
[    5.117760] systemd[1]: Created slice User and Session Slice.
[[0;32m  OK  [0m] Created slice User and Session Slice.
[    5.121403] systemd[1]: Set up automount Arbitrary Executable File Formats File System Automount Point.
[[0;32m  OK  [0m] Set up automount Arbitrary Executab...ats File System Automount Point.
[    5.126497] systemd[1]: Listening on LVM2 poll daemon socket.
[[0;32m  OK  [0m] Listening on LVM2 poll daemon socket.
[    5.129786] systemd[1]: Listening on /dev/initctl Compatibility Named Pipe.
[[0;32m  OK  [0m] Listening on /dev/initctl Compatibility Named Pipe.
[    5.133389] systemd[1]: Started Forward Password Requests to Wall Directory Watch.
[[0;32m  OK  [0m] Started Forward Password Requests to Wall Directory Watch.
[    5.138095] systemd[1]: Listening on LVM2 metadata daemon socket.
[[0;32m  OK  [0m] Listening on LVM2 metadata daemon socket.
[    5.141273] systemd[1]: Reached target Swap.
[[0;32m  OK  [0m] Reached target Swap.
[    5.143347] systemd[1]: Listening on Journal Socket (/dev/log).
[[0;32m  OK  [0m] Listening on Journal Socket (/dev/log).
[    5.146388] systemd[1]: Created slice System Slice.
[[0;32m  OK  [0m] Created slice System Slice.
[    5.148616] systemd[1]: Created slice system-serial\x2dgetty.slice.
[[0;32m  OK  [0m] Created slice system-serial\x2dgetty.slice.
[    5.151014] systemd[1]: Reached target Slices.
[[0;32m  OK  [0m] Reached target Slices.
[    5.157682] systemd[1]: Listening on udev Control Socket.
[[0;32m  OK  [0m] Listening on udev Control Socket.
[    5.159214] systemd[1]: Listening on Syslog Socket.
[[0;32m  OK  [0m] Listening on Syslog Socket.
[    5.165592] systemd[1]: Reached target Encrypted Volumes.
[[0;32m  OK  [0m] Reached target Encrypted Volumes.
[    5.166945] systemd[1]: Reached target System Time Synchronized.
[[0;32m  OK  [0m] Reached target System Time Synchronized.
[    5.168325] systemd[1]: Listening on udev Kernel Socket.
[[0;32m  OK  [0m] Listening on udev Kernel Socket.
[    5.169782] systemd[1]: Listening on fsck to fsckd communication Socket.
[[0;32m  OK  [0m] Listening on fsck to fsckd communication Socket.
[    5.171452] systemd[1]: Listening on Journal Socket.
[[0;32m  OK  [0m] Listening on Journal Socket.
[    5.189553] systemd[1]: Starting Create list of required static device nodes for the current kernel...
         Starting Create list of required st... nodes for the current kernel...
[    5.192316] systemd[1]: Starting File System Check on Root Device...
         Starting File System Check on Root Device...
[    5.194340] systemd[1]: Starting Set console keymap...
         Starting Set console keymap...
[    5.203549] systemd[1]: Starting Load Kernel Modules...
         Starting Load Kernel Modules...
[    5.205376] systemd[1]: Mounting Huge Pages File System...
         Mounting Huge Pages File System...
[    5.214179] systemd[1]: Starting Uncomplicated firewall...
         Starting Uncomplicated firewall...
[    5.215879] systemd[1]: Mounting POSIX Message Queue File System...
         Mounting POSIX Message Queue File System...
[    5.218288] systemd[1]: Starting Nameserver information manager...
         Starting Nameserver information manager...
[    5.220561] Loading iSCSI transport class v2.0-870.
[    5.221888] systemd[1]: Mounting Debug File System...
         Mounting Debug File System...
[    5.223490] systemd[1]: Listening on Journal Audit Socket.
[[0;32m  OK  [0m] Listening on Journal Audit Socket.
[    5.225126] systemd[1]: Starting Journal Service...
         Starting Journal Service...
[    5.228861] systemd[1]: Listening on Device-mapper event daemon FIFOs.
[[0;32m  OK  [0m] Listening on Device-mapper event daemon FIFOs.
[    5.230879] systemd[1]: Starting Monitoring of LVM2 mirrors, snapshots etc. using dmeventd or progress polling...
         Starting Monitoring of LVM2 mirrors... dmeventd or progress polling...
[    5.234615] systemd[1]: Mounted POSIX Message Queue File System.
[[0;32m  OK  [0m] Mounted POSIX Message Queue File System.
[    5.236310] iscsi: registered transport (tcp)
[    5.241585] systemd[1]: Mounted Debug File System.
[[0;32m  OK  [0m] Mounted Debug File System.
[    5.242862] systemd[1]: Mounted Huge Pages File System.
[[0;32m  OK  [0m] Mounted Huge Pages File System.
[    5.244620] systemd[1]: Started Create list of required static device nodes for the current kernel.
[[0;32m  OK  [0m] Started Create list of required sta...ce nodes for the current kernel.
[    5.247545] systemd[1]: Started File System Check on Root Device.
[[0;32m  OK  [0m] Started File System Check on Root Device.
[    5.249321] systemd[1]: Started Set console keymap.
[[0;32m  OK  [0m] Started Set console keymap.
[    5.250940] systemd[1]: Started Uncomplicated firewall.
[[0;32m  OK  [0m] Started Uncomplicated firewall.
[    5.258739] systemd[1]: Started Journal Service.
[[0;32m  OK  [0m] Started Journal Service.
[[0;32m  OK  [0m] Started LVM2 metadata daemon.
[[0;32m  OK  [0m] Started File System Check Daemon to report status.
         Starting Remount Root and Kernel File Systems...
         Starting Create Static Device Nodes in /dev...
[[0;32m  OK  [0m] Started Nameserver information manager.
[    5.271671] iscsi: registered transport (iser)
[    5.272535] EXT4-fs (sda1): re-mounted. Opts: (null)
[[0;32m  OK  [0m] Started Load Kernel Modules.
[[0;32m  OK  [0m] Started Remount Root and Kernel File Systems.
         Starting Flush Journal to Persistent Storage...
         Starting Load/Save Random Seed...
         Starting udev Coldplug all Devices...
         Mounting FUSE Control File System...
         Starting Apply Kernel Variables...
[[0;32m  OK  [0m] Started Load/Save Random Seed.
[[0;32m  OK  [0m] Mounted FUSE Control File System.
[[0;32m  OK  [0m] Started Apply Kernel Variables.
[[0;32m  OK  [0m] Started Flush Journal to Persistent Storage.
[[0;32m  OK  [0m] Started Create Static Device Nodes in /dev.
         Starting udev Kernel Device Manager...
[[0;32m  OK  [0m] Started udev Coldplug all Devices.
[[0;32m  OK  [0m] Started udev Kernel Device Manager.
[[0;32m  OK  [0m] Started Dispatch Password Requests to Console Directory Watch.
[[0;32m  OK  [0m] Found device /dev/ttyS0.
[[0;32m  OK  [0m] Listening on Load/Save RF Kill Switch Status /dev/rfkill Watch.
[[0;32m  OK  [0m] Started Monitoring of LVM2 mirrors,...ng dmeventd or progress polling.
[[0;32m  OK  [0m] Reached target Local File Systems (Pre).
[[0;32m  OK  [0m] Reached target Local File Systems.
         Starting Initial cloud-init job (pre-networking)...
         Starting Create Volatile Files and Directories...
         Starting Tell Plymouth To Write Out Runtime Data...
         Starting LSB: AppArmor initialization...
         Starting Set console font and keymap...
         Starting Commit a transient machine-id on disk...
[[0;32m  OK  [0m] Started Create Volatile Files and Directories.
[[0;32m  OK  [0m] Started Tell Plymouth To Write Out Runtime Data.
         Starting Update UTMP about System Boot/Shutdown...
[[0;32m  OK  [0m] Started Update UTMP about System Boot/Shutdown.
[[0;32m  OK  [0m] Started Commit a transient machine-id on disk.
[[0;32m  OK  [0m] Started Set console font and keymap.
[[0;32m  OK  [0m] Created slice system-getty.slice.
[    6.281528] cloud-init[602]: Cloud-init v. 21.1-19-gbad84ad4-0ubuntu1~16.04.2 running 'init-local' at Thu, 06 May 2021 20:40:21 +0000. Up 6.06 seconds.
[[0;32m  OK  [0m] Started LSB: AppArmor initialization.
         Starting Load AppArmor profiles managed internally by snapd...
[[0;32m  OK  [0m] Started Initial cloud-init job (pre-networking).
[[0;32m  OK  [0m] Reached target Network (Pre).
         Starting Raise network interfaces...
[[0;32m  OK  [0m] Started Load AppArmor profiles managed internally by snapd.
[[0;32m  OK  [0m] Started Raise network interfaces.
[[0;32m  OK  [0m] Reached target Network.
         Starting Initial cloud-init job (metadata service crawler)...
[    7.106255] cloud-init[959]: Cloud-init v. 21.1-19-gbad84ad4-0ubuntu1~16.04.2 running 'init' at Thu, 06 May 2021 20:40:22 +0000. Up 6.71 seconds.
[    7.107392] cloud-init[959]: ci-info: ++++++++++++++++++++++++++++++++++++++Net device info+++++++++++++++++++++++++++++++++++++++
[    7.108357] cloud-init[959]: ci-info: +--------+-------+----------------------------+---------------+--------+-------------------+
[    7.109366] cloud-init[959]: ci-info: | Device |   Up  |          Address           |      Mask     | Scope  |     Hw-Address    |
[    7.110344] cloud-init[959]: ci-info: +--------+-------+----------------------------+---------------+--------+-------------------+
[    7.111386] cloud-init[959]: ci-info: | enp0s3 |  True |         10.0.2.15          | 255.255.255.0 | global | 02:ed:98:3c:8e:82 |
[    7.112338] cloud-init[959]: ci-info: | enp0s3 |  True | fe80::ed:98ff:fe3c:8e82/64 |       .       |  link  | 02:ed:98:3c:8e:82 |
[    7.113388] cloud-init[959]: ci-info: | enp0s8 | False |             .              |       .       |   .    | 08:00:27:b9:d0:07 |
[    7.114490] cloud-init[959]: ci-info: |   lo   |  True |         127.0.0.1          |   255.0.0.0   |  host  |         .         |
[    7.115448] cloud-init[959]: ci-info: |   lo   |  True |          ::1/128           |       .       |  host  |         .         |
[    7.116496] cloud-init[959]: ci-info: +--------+-------+----------------------------+---------------+--------+-------------------+
[    7.117607] cloud-init[959]: ci-info: +++++++++++++++++++++++++++Route IPv4 info++++++++++++++++++++++++++++
[    7.118563] cloud-init[959]: ci-info: +-------+-------------+----------+---------------+-----------+-------+
[    7.119495] cloud-init[959]: ci-info: | Route | Destination | Gateway  |    Genmask    | Interface | Flags |
[    7.120417] cloud-init[959]: ci-info: +-------+-------------+----------+---------------+-----------+-------+
[    7.121247] cloud-init[959]: ci-info: |   0   |   0.0.0.0   | 10.0.2.2 |    0.0.0.0    |   enp0s3  |   UG  |
[    7.122161] cloud-init[959]: ci-info: |   1   |   10.0.2.0  | 0.0.0.0  | 255.255.255.0 |   enp0s3  |   U   |
[    7.123085] cloud-init[959]: ci-info: +-------+-------------+----------+---------------+-----------+-------+
[    7.124048] cloud-init[959]: ci-info: +++++++++++++++++++Route IPv6 info+++++++++++++++++++
[    7.124893] cloud-init[959]: ci-info: +-------+-------------+---------+-----------+-------+
[    7.125701] cloud-init[959]: ci-info: | Route | Destination | Gateway | Interface | Flags |
[    7.126556] cloud-init[959]: ci-info: +-------+-------------+---------+-----------+-------+
[    7.127360] cloud-init[959]: ci-info: |   0   |  fe80::/64  |    ::   |   enp0s3  |   U   |
[    7.128069] cloud-init[959]: ci-info: |   3   |   ff00::/8  |    ::   |   enp0s3  |   U   |
[    7.128841] cloud-init[959]: ci-info: +-------+-------------+---------+-----------+-------+
[    7.129521] cloud-init[959]: Generating public/private rsa key pair.
[    7.130105] cloud-init[959]: Your identification has been saved in /etc/ssh/ssh_host_rsa_key.
[    7.130740] cloud-init[959]: Your public key has been saved in /etc/ssh/ssh_host_rsa_key.pub.
[    7.131603] cloud-init[959]: The key fingerprint is:
[    7.132221] cloud-init[959]: SHA256:Nmu9kfkDDvBgQsuFXrq5TxiY2c7oiqVueAs2Zro9YoY root@ubuntu-xenial
[    7.133069] cloud-init[959]: The key's randomart image is:
[    7.133730] cloud-init[959]: +---[RSA 2048]----+
[    7.134339] cloud-init[959]: |     .           |
[    7.134974] cloud-init[959]: |    o o          |
[    7.135435] cloud-init[959]: |   + =           |
[    7.135900] cloud-init[959]: |   =* +          |
[    7.136455] cloud-init[959]: |  + o= +S        |
[    7.144334] cloud-init[959]: |   +oo .o+.o     |
[    7.152339] cloud-init[959]: |+=o +.. oo=.     |
[    7.152914] cloud-init[959]: |EX+ .. .  .+.    |
[    7.153576] cloud-init[959]: |@*+o ..   . ..   |
[    7.154105] cloud-init[959]: +----[SHA256]-----+
[    7.154710] cloud-init[959]: Generating public/private dsa key pair.
[    7.155412] cloud-init[959]: Your identification has been saved in /etc/ssh/ssh_host_dsa_key.
[    7.156112] cloud-init[959]: Your public key has been saved in /etc/ssh/ssh_host_dsa_key.pub.
[    7.156936] cloud-init[959]: The key fingerprint is:
[    7.157544] cloud-init[959]: SHA256:1aOSQPjORAQuoRrc+BXEJ3YkUD2YCTIEr/PFxPv+kF8 root@ubuntu-xenial
[    7.158460] cloud-init[959]: The key's randomart image is:
[    7.159017] cloud-init[959]: +---[DSA 1024]----+
[    7.159448] cloud-init[959]: |++.oBOO.         |
[    7.159971] cloud-init[959]: |.o=+.O+=   .     |
[    7.164278] [cloud-init[0;32m  OK  [0m[959]: ] |ooo.=+= . . o    |Started Initial cloud-init job (metadata service crawler).

[    7.165098] cloud-init[959]: |.o.+..o. o . .   |
[    7.172280] cloud-init[959]: |+  .++  S .      |
[[0;32m  OK  [0m] Reached target Network is Online.
[    7.175216] cloud-init[959]: | o . .o. .       |
[    7.185092] cloud-init[959]: |  .   +   E      |
[    7.185659] cloud-init[959]: |     . o .       |
[    7.186251] cloud-init[959]: |      ..o        |
[    7.196327] cloud-init[959]: +----[SHA256]-----+
[    7.196831] cloud-init[959]: Generating public/private ecdsa key pair.
[    7.197530] cloud-init[959]: Your identification has been saved in /etc/ssh/ssh_host_ecdsa_key.
         Starting iSCSI initiator daemon (iscsid)...
[[0;32m  OK  [0m] Reached target System Initialization.
[[0;32m  OK  [0m] Listening on ACPID Listen Socket.
[[0;32m  OK  [0m] Listening on D-Bus System Message Bus Socket.
[    7.202168] cloud-init[959]: Your public key has been saved in /etc/ssh/ssh_host_ecdsa_key.pub.
[    7.205010] cloud-init[959]: The key fingerprint is:
[    7.205437] cloud-init[959]: SHA256:ODm2Ufwy/sGnHAn7+Pn37wPkZjC83blBSbTGYFKxbvg root@ubuntu-xenial
[    7.206256] cloud-init[959]: The key's randomart image is:
[    7.206818] cloud-init[959]: +---[ECDSA 256]---+
[    7.207349] cloud-init[959]: |           ..=o. |
[    7.208835]          Starting LXD - unix socket.
cloud-init[959]: |       .    o +..|
[    7.209548]          cloud-initStarting Socket activation for snappy daemon.[959]: 
|        o .  ..+.|
[    7.210326] [[0;32m  OK  [0m] Started Message of the Day.
cloud-init[959]: |       + . +o..o |
[    7.211136] [[0;32m  OK  [0m] Started Daily Cleanup of Temporary Directories.
cloud-init[959]: |      B S ..Boo .|
[    7.212160] [cloud-init[0;32m  OK  [0m[959]: ] |     . * * oo* + |Started ACPI Events Check.

[    7.212804] [[0;32m  OK  [0m] Reached target Paths.
[[0;32m  OK  [0m] Started Daily apt download activities.
[[0;32m  OK  [0m] Started Daily apt upgrade and clean activities.
[[0;32m  OK  [0m] Reached target Timers.
[[0;32m  OK  [0m] Listening on UUID daemon activation socket.
[[0;32m  OK  [0m] Reached target Cloud-config availability.
[[0;32m  OK  [0m] Listening on LXD - unix socket.
[[0;32m  OK  [0m] Listening on Socket activation for snappy daemon.
[[0;32m  OK  [0m] Reached target Sockets.
[[0;32m  OK  [0m] Reached target Basic System.
cloud-init[959]: |      . o = +E. o|
[    7.216923] cloud-init[959]: |         = *  .o |
[    7.217376] cloud-init[959]: |        ..B... o*|
[    7.217904] cloud-init[959]: +----[SHA256]-----+
[    7.218524] cloud-init[959]: Generating public/private ed25519 key pair.
[    7.219240] cloud-init[959]: Your identification has been saved in /etc/ssh/ssh_host_ed25519_key.
[    7.219931] cloud-init[959]: Your public key has been saved in /etc/ssh/ssh_host_ed25519_key.pub.
[    7.220660] cloud-init[959]: The key fingerprint is:
[    7.221178] cloud-init[959]: SHA256:Q9MWeEaQvh0i6NW97eHvYhSOmlzGWqcdyMD765ghwcg root@ubuntu-xenial
[    7.221978] cloud-init[959]: The key's randomart image is:
[    7.222649] cloud-init[959]: +--[ED25519 256]--+
[    7.228170]          cloud-initStarting /etc/rc.local Compatibility...[959]: 
|        .=o      |
[    7.229044]          Starting LSB: MD monitoring daemon...
cloud-init[959]: |        o.o.     |
[    7.231696] cloud-init[959]: |     . +o+o      |
[    7.232284] cloud-init[959]: |   ..oo.*oo .    |
[    7.236325]          cloud-initStarting Pollinate to seed the pseudo random number generator...[959]: 
|   .E.o.SO B .   |
[    7.237228]          cloud-initStarting Virtualbox guest utils...[959]: 
|    .  .o.@ B    |
[    7.238301]          Starting Login Service...
cloud-init         Starting Accounts Service...
[[0;32m  OK  [0m] Started Regular background program processing daemon.
[[0;32m  OK  [0m] Started D-Bus System Message Bus.
[959]: |      ...O B o   |
[    7.244798] cloud-init[959]: |       .=+o *    |
[    7.245581] cloud-init[959]: |        o.oo +o  |
[    7.246373] cloud-init[959]: +----[SHA256]-----+
[[0;32m  OK  [0m] Started ACPI event daemon.
         Starting Snap Daemon...
[[0;32m  OK  [0m] Started Deferred execution scheduler.
[[0;32m  OK  [0m] Started FUSE filesystem for LXC.
         Starting System Logging Service...
         Starting LSB: Record successful boot for GRUB...
         Starting LXD - container startup/shutdown...
[[0;32m  OK  [0m] Started /etc/rc.local Compatibility.
[[0;32m  OK  [0m] Started Login Service.
[[0;32m  OK  [0m] Started Unattended Upgrades Shutdown.
         Starting Authenticate and Authorize Users to Run Privileged Tasks...
[[0;32m  OK  [0m] Started iSCSI initiator daemon (iscsid).
         Starting Login to default iSCSI targets...
[[0;32m  OK  [0m] Started System Logging Service.
[[0;32m  OK  [0m] Started LSB: MD monitoring daemon.
[[0;32m  OK  [0m] Started LSB: Record successful boot for GRUB.
[[0;32m  OK  [0m] Started Login to default iSCSI targets.
[[0;32m  OK  [0m] Reached target Remote File Systems (Pre).
[[0;32m  OK  [0m] Reached target Remote File Systems.
         Starting Permit User Sessions...
         Starting LSB: automatic crash report generation...
         Starting LSB: Set the CPU Frequency Scaling governor to "ondemand"...
         Starting LSB: daemon to balance interrupts for SMP systems...
[[0;32m  OK  [0m] Started Permit User Sessions.
         Starting Terminate Plymouth Boot Screen...
         Starting Hold until boot process finishes up...
[[0;32m  OK  [0m] Started Authenticate and Authorize Users to Run Privileged Tasks.
[[0;32m  OK  [0m] Started Terminate Plymouth Boot Screen.
[[0;32m  OK  [0m] Started Hold until boot process finishes up.
[[0;32m  OK  [0m] Started Accounts Service.
[[0;32m  OK  [0m] Started Virtualbox guest utils.
[[0;32m  OK  [0m] Started Serial Getty on ttyS0.
[[0;32m  OK  [0m] Started Getty on tty1.
[[0;32m  OK  [0m] Reached target Login Prompts.
         Starting Set console scheme...
[[0;32m  OK  [0m] Started LSB: Set the CPU Frequency Scaling governor to "ondemand".
[[0;32m  OK  [0m] Started Set console scheme.
[[0;32m  OK  [0m] Started LSB: automatic crash report generation.
[[0;32m  OK  [0m] Started LSB: daemon to balance interrupts for SMP systems.
[[0;32m  OK  [0m] Started LXD - container startup/shutdown.
[[0;32m  OK  [0m] Started Snap Daemon.
         Starting Wait until snapd is fully seeded...
[[0;32m  OK  [0m] Started Pollinate to seed the pseudo random number generator.
         Starting OpenBSD Secure Shell server...
[[0;32m  OK  [0m] Started OpenBSD Secure Shell server.
[[0;32m  OK  [0m] Started Wait until snapd is fully seeded.
         Starting Apply the settings specified in cloud-config...
[[0;32m  OK  [0m] Reached target Multi-User System.
[[0;32m  OK  [0m] Reached target Graphical Interface.
         Starting Update UTMP about System Runlevel Changes...
[[0;32m  OK  [0m] Started Update UTMP about System Runlevel Changes.
[    8.442073] cloud-init[1303]: Generating locales (this might take a while)...
[    8.911761] cloud-init[1303]:   en_US.UTF-8... done
[    8.912387] cloud-init[1303]: Generation complete.
[    9.270642] cloud-init[1303]: Cloud-init v. 21.1-19-gbad84ad4-0ubuntu1~16.04.2 running 'modules:config' at Thu, 06 May 2021 20:40:24 +0000. Up 8.37 seconds.
[[0;32m  OK  [0m] Started Apply the settings specified in cloud-config.
         Starting Execute cloud user/final scripts...
ci-info: no authorized SSH keys fingerprints found for user ubuntu.
<14>May  6 20:40:25 ec2: 
<14>May  6 20:40:25 ec2: #############################################################
<14>May  6 20:40:25 ec2: -----BEGIN SSH HOST KEY FINGERPRINTS-----
<14>May  6 20:40:25 ec2: 1024 SHA256:1aOSQPjORAQuoRrc+BXEJ3YkUD2YCTIEr/PFxPv+kF8 root@ubuntu-xenial (DSA)
<14>May  6 20:40:25 ec2: 256 SHA256:ODm2Ufwy/sGnHAn7+Pn37wPkZjC83blBSbTGYFKxbvg root@ubuntu-xenial (ECDSA)
<14>May  6 20:40:25 ec2: 256 SHA256:Q9MWeEaQvh0i6NW97eHvYhSOmlzGWqcdyMD765ghwcg root@ubuntu-xenial (ED25519)
<14>May  6 20:40:25 ec2: 2048 SHA256:Nmu9kfkDDvBgQsuFXrq5TxiY2c7oiqVueAs2Zro9YoY root@ubuntu-xenial (RSA)
<14>May  6 20:40:25 ec2: -----END SSH HOST KEY FINGERPRINTS-----
<14>May  6 20:40:25 ec2: #############################################################
-----BEGIN SSH HOST KEY KEYS-----
ecdsa-sha2-nistp256 AAAAE2VjZHNhLXNoYTItbmlzdHAyNTYAAAAIbmlzdHAyNTYAAABBBKCkOj3OAd6FYpYKCjuX1/giU5FjsTOtz1GNwWJhimKyp2guF9bcMRZNcuwVy6iQCOpd7Z46WEtDKOUOOHHVRm4= root@ubuntu-xenial
ssh-ed25519 AAAAC3NzaC1lZDI1NTE5AAAAIDmmxPnAImbKMpY0oWml/oABmt3OeHotl7T4ZBnHJGef root@ubuntu-xenial
ssh-rsa AAAAB3NzaC1yc2EAAAADAQABAAABAQCcFyLLmrl7Wra+HGADJSzx++7NJHO0gdBM5IYnV/tkFGNedUaTPxgXMlHhr+K5JTL8XT9u79pzNtBruQqhWTZgc8elYEvQWd7+Yzi8n9mCOldm9ZI2At44KJ3LfY8y4w8Bhq+LnLwHupP7F8xWnKKmA2Ln7jFsaCcpv1ku9DMhF5EoHhKN8GQ4ykjPuKTp9slTsDacjliDiYZP1e3o6ayuY27gyeP9Gfv5jIo9SA5PkcV3WXpp/jxS+8KZxRCgxCYvjDZBuo7nQSKUj4CdIgN9mZJu/n+YP/beLxDRdNtrK5OwGQi3Tntfer415wOfhuGXXnjreOGjzqksuseuB0/n root@ubuntu-xenial
-----END SSH HOST KEY KEYS-----
[    9.594200] cloud-init[1348]: Cloud-init v. 21.1-19-gbad84ad4-0ubuntu1~16.04.2 running 'modules:final' at Thu, 06 May 2021 20:40:25 +0000. Up 9.49 seconds.
[    9.595405] cloud-init[1348]: ci-info: no authorized SSH keys fingerprints found for user ubuntu.
[    9.596409] cloud-init[1348]: Cloud-init v. 21.1-19-gbad84ad4-0ubuntu1~16.04.2 finished at Thu, 06 May 2021 20:40:25 +0000. Datasource DataSourceNoCloud [seed=/dev/sdb][dsmode=net].  Up 9.58 seconds
[[0;32m  OK  [0m] Started Execute cloud user/final scripts.
[[0;32m  OK  [0m] Reached target Cloud-init target.

Ubuntu 16.04.7 LTS ubuntu-xenial ttyS0

ubuntu-xenial login: 