[    0.000000] Initializing cgroup subsys cpuset
[    0.000000] Initializing cgroup subsys cpu
[    0.000000] Initializing cgroup subsys cpuacct
[    0.000000] Linux version 4.4.0-210-generic (buildd@lgw01-amd64-009) (gcc version 5.4.0 20160609 (Ubuntu 5.4.0-6ubuntu1~16.04.12) ) #242-Ubuntu SMP Fri Apr 16 09:57:56 UTC 2021 (Ubuntu 4.4.0-210.242-generic 4.4.262)
[    0.000000] Command line: BOOT_IMAGE=/boot/vmlinuz-4.4.0-210-generic root=LABEL=cloudimg-rootfs ro console=tty1 console=ttyS0
[    0.000000] KERNEL supported cpus:
[    0.000000]   Intel GenuineIntel
[    0.000000]   AMD AuthenticAMD
[    0.000000]   Centaur CentaurHauls
[    0.000000] x86/fpu: xstate_offset[2]:  576, xstate_sizes[2]:  256
[    0.000000] x86/fpu: Supporting XSAVE feature 0x01: 'x87 floating point registers'
[    0.000000] x86/fpu: Supporting XSAVE feature 0x02: 'SSE registers'
[    0.000000] x86/fpu: Supporting XSAVE feature 0x04: 'AVX registers'
[    0.000000] x86/fpu: Enabled xstate features 0x7, context size is 832 bytes, using 'standard' format.
[    0.000000] e820: BIOS-provided physical RAM map:
[    0.000000] BIOS-e820: [mem 0x0000000000000000-0x000000000009fbff] usable
[    0.000000] BIOS-e820: [mem 0x000000000009fc00-0x000000000009ffff] reserved
[    0.000000] BIOS-e820: [mem 0x00000000000f0000-0x00000000000fffff] reserved
[    0.000000] BIOS-e820: [mem 0x0000000000100000-0x000000003ffeffff] usable
[    0.000000] BIOS-e820: [mem 0x000000003fff0000-0x000000003fffffff] ACPI data
[    0.000000] BIOS-e820: [mem 0x00000000fec00000-0x00000000fec00fff] reserved
[    0.000000] BIOS-e820: [mem 0x00000000fee00000-0x00000000fee00fff] reserved
[    0.000000] BIOS-e820: [mem 0x00000000fffc0000-0x00000000ffffffff] reserved
[    0.000000] NX (Execute Disable) protection: active
[    0.000000] SMBIOS 2.5 present.
[    0.000000] Hypervisor detected: KVM
[    0.000000] e820: last_pfn = 0x3fff0 max_arch_pfn = 0x400000000
[    0.000000] MTRR: Disabled
[    0.000000] x86/PAT: MTRRs disabled, skipping PAT initialization too.
[    0.000000] CPU MTRRs all blank - virtualized system.
[    0.000000] x86/PAT: Configuration [0-7]: WB  WT  UC- UC  WB  WT  UC- UC  
[    0.000000] found SMP MP-table at [mem 0x0009fff0-0x0009ffff] mapped at [ffff88000009fff0]
[    0.000000] Scanning 1 areas for low memory corruption
[    0.000000] RAMDISK: [mem 0x362de000-0x37166fff]
[    0.000000] ACPI: Early table checksum verification disabled
[    0.000000] ACPI: RSDP 0x00000000000E0000 000024 (v02 VBOX  )
[    0.000000] ACPI: XSDT 0x000000003FFF0030 00003C (v01 VBOX   VBOXXSDT 00000001 ASL  00000061)
[    0.000000] ACPI: FACP 0x000000003FFF00F0 0000F4 (v04 VBOX   VBOXFACP 00000001 ASL  00000061)
[    0.000000] ACPI: DSDT 0x000000003FFF0470 002325 (v02 VBOX   VBOXBIOS 00000002 INTL 20100528)
[    0.000000] ACPI: FACS 0x000000003FFF0200 000040
[    0.000000] ACPI: FACS 0x000000003FFF0200 000040
[    0.000000] ACPI: APIC 0x000000003FFF0240 00005C (v02 VBOX   VBOXAPIC 00000001 ASL  00000061)
[    0.000000] ACPI: SSDT 0x000000003FFF02A0 0001CC (v01 VBOX   VBOXCPUT 00000002 INTL 20100528)
[    0.000000] No NUMA configuration found
[    0.000000] Faking a node at [mem 0x0000000000000000-0x000000003ffeffff]
[    0.000000] NODE_DATA(0) allocated [mem 0x3ffeb000-0x3ffeffff]
[    0.000000] kvm-clock: Using msrs 4b564d01 and 4b564d00
[    0.000000] kvm-clock: cpu 0, msr 0:3ffe3001, primary cpu clock
[    0.000000] kvm-clock: using sched offset of 3045987629 cycles
[    0.000000] clocksource: kvm-clock: mask: 0xffffffffffffffff max_cycles: 0x1cd42e4dffb, max_idle_ns: 881590591483 ns
[    0.000000] Zone ranges:
[    0.000000]   DMA      [mem 0x0000000000001000-0x0000000000ffffff]
[    0.000000]   DMA32    [mem 0x0000000001000000-0x000000003ffeffff]
[    0.000000]   Normal   empty
[    0.000000]   Device   empty
[    0.000000] Movable zone start for each node
[    0.000000] Early memory node ranges
[    0.000000]   node   0: [mem 0x0000000000001000-0x000000000009efff]
[    0.000000]   node   0: [mem 0x0000000000100000-0x000000003ffeffff]
[    0.000000] Initmem setup node 0 [mem 0x0000000000001000-0x000000003ffeffff]
[    0.000000] ACPI: PM-Timer IO Port: 0x4008
[    0.000000] IOAPIC[0]: apic_id 2, version 32, address 0xfec00000, GSI 0-23
[    0.000000] ACPI: INT_SRC_OVR (bus 0 bus_irq 0 global_irq 2 dfl dfl)
[    0.000000] ACPI: INT_SRC_OVR (bus 0 bus_irq 9 global_irq 9 low level)
[    0.000000] Using ACPI (MADT) for SMP configuration information
[    0.000000] smpboot: Allowing 2 CPUs, 0 hotplug CPUs
[    0.000000] PM: Registered nosave memory: [mem 0x00000000-0x00000fff]
[    0.000000] PM: Registered nosave memory: [mem 0x0009f000-0x0009ffff]
[    0.000000] PM: Registered nosave memory: [mem 0x000a0000-0x000effff]
[    0.000000] PM: Registered nosave memory: [mem 0x000f0000-0x000fffff]
[    0.000000] e820: [mem 0x40000000-0xfebfffff] available for PCI devices
[    0.000000] Booting paravirtualized kernel on KVM
[    0.000000] clocksource: refined-jiffies: mask: 0xffffffff max_cycles: 0xffffffff, max_idle_ns: 7645519600211568 ns
[    0.000000] setup_percpu: NR_CPUS:512 nr_cpumask_bits:512 nr_cpu_ids:2 nr_node_ids:1
[    0.000000] PERCPU: Embedded 33 pages/cpu @ffff88003fc00000 s95192 r8192 d31784 u1048576
[    0.000000] Built 1 zonelists in Node order, mobility grouping on.  Total pages: 257912
[    0.000000] Policy zone: DMA32
[    0.000000] Kernel command line: BOOT_IMAGE=/boot/vmlinuz-4.4.0-210-generic root=LABEL=cloudimg-rootfs ro console=tty1 console=ttyS0
[    0.000000] PID hash table entries: 4096 (order: 3, 32768 bytes)
[    0.000000] Memory: 997796K/1048120K available (8644K kernel code, 1332K rwdata, 4044K rodata, 1492K init, 1164K bss, 50324K reserved, 0K cma-reserved)
[    0.000000] SLUB: HWalign=64, Order=0-3, MinObjects=0, CPUs=2, Nodes=1
[    0.000000] Kernel/User page tables isolation: enabled
[    0.000000] Hierarchical RCU implementation.
[    0.000000] 	Build-time adjustment of leaf fanout to 64.
[    0.000000] 	RCU restricting CPUs from NR_CPUS=512 to nr_cpu_ids=2.
[    0.000000] RCU: Adjusting geometry for rcu_fanout_leaf=64, nr_cpu_ids=2
[    0.000000] NR_IRQS:33024 nr_irqs:440 16
[    0.000000] Console: colour VGA+ 80x25
[    0.000000] console [tty1] enabled
[    0.000000] console [ttyS0] enabled
[    0.000000] tsc: Detected 3600.060 MHz processor
[    0.096062] Calibrating delay loop (skipped) preset value.. 7200.12 BogoMIPS (lpj=14400240)
[    0.097288] pid_max: default: 32768 minimum: 301
[    0.097964] ACPI: Core revision 20150930
[    0.099169] ACPI: 2 ACPI AML tables successfully acquired and loaded
[    0.100192] Security Framework initialized
[    0.100742] Yama: becoming mindful.
[    0.101317] AppArmor: AppArmor initialized
[    0.102000] Dentry cache hash table entries: 131072 (order: 8, 1048576 bytes)
[    0.103334] Inode-cache hash table entries: 65536 (order: 7, 524288 bytes)
[    0.104325] Mount-cache hash table entries: 2048 (order: 2, 16384 bytes)
[    0.105291] Mountpoint-cache hash table entries: 2048 (order: 2, 16384 bytes)
[    0.106437] Initializing cgroup subsys io
[    0.107093] Initializing cgroup subsys memory
[    0.107747] Initializing cgroup subsys devices
[    0.108364] Initializing cgroup subsys freezer
[    0.109035] Initializing cgroup subsys net_cls
[    0.109617] Initializing cgroup subsys perf_event
[    0.110287] Initializing cgroup subsys net_prio
[    0.110958] Initializing cgroup subsys hugetlb
[    0.111552] Initializing cgroup subsys pids
[    0.122985] mce: CPU supports 0 MCE banks
[    0.123674] Last level iTLB entries: 4KB 128, 2MB 8, 4MB 8
[    0.124462] Last level dTLB entries: 4KB 64, 2MB 0, 4MB 0, 1GB 4
[    0.125317] Spectre V1 : Mitigation: usercopy/swapgs barriers and __user pointer sanitization
[    0.126470] Spectre V2 : Mitigation: Full generic retpoline
[    0.127201] Spectre V2 : Spectre v2 / SpectreRSB mitigation: Filling RSB on context switch
[    0.128344] Speculative Store Bypass: Vulnerable
[    0.129002] SRBDS: Unknown: Dependent on hypervisor status
[    0.129817] MDS: Mitigation: Clear CPU buffers
[    0.132406] Freeing SMP alternatives memory: 36K
[    0.137576] ftrace: allocating 32380 entries in 127 pages
[    0.183784] smpboot: APIC(0) Converting physical 0 to logical package 0
[    0.184667] smpboot: Max logical packages: 1
[    0.185467] x2apic enabled
[    0.186110] Switched APIC routing to physical x2apic.
[    0.187614] ..TIMER: vector=0x30 apic1=0 pin1=2 apic2=-1 pin2=-1
[    0.296590] smpboot: CPU0: Intel(R) Core(TM) i5-8600K CPU @ 3.60GHz (family: 0x6, model: 0x9e, stepping: 0xa)
[    0.298554] Performance Events: unsupported p6 CPU model 158 no PMU driver, software events only.
[    0.308492] KVM setup paravirtual spinlock
[    0.309925] x86: Booting SMP configuration:
[    0.310579] .... node  #0, CPUs:      #1
[    0.311921] kvm-clock: cpu 1, msr 0:3ffe3041, secondary cpu clock
[    0.323425] mce: CPU supports 0 MCE banks
[    0.325894] x86: Booted up 1 node, 2 CPUs
[    0.327177] smpboot: Total of 2 processors activated (14400.24 BogoMIPS)
[    0.328491] devtmpfs: initialized
[    0.330439] evm: security.selinux
[    0.331074] evm: security.SMACK64
[    0.331624] evm: security.SMACK64EXEC
[    0.332185] evm: security.SMACK64TRANSMUTE
[    0.332817] evm: security.SMACK64MMAP
[    0.333380] evm: security.ima
[    0.333873] evm: security.capability
[    0.334700] clocksource: jiffies: mask: 0xffffffff max_cycles: 0xffffffff, max_idle_ns: 7645041785100000 ns
[    0.335986] futex hash table entries: 512 (order: 3, 32768 bytes)
[    0.337715] pinctrl core: initialized pinctrl subsystem
[    0.338500] RTC time: 20:48:17, date: 05/06/21
[    0.339378] NET: Registered protocol family 16
[    0.348517] cpuidle: using governor ladder
[    0.360620] cpuidle: using governor menu
[    0.361225] PCCT header not found.
[    0.361847] ACPI: bus type PCI registered
[    0.364349] acpiphp: ACPI Hot Plug PCI Controller Driver version: 0.5
[    0.365258] PCI: Using configuration type 1 for base access
[    0.378114] ACPI: Added _OSI(Module Device)
[    0.378765] ACPI: Added _OSI(Processor Device)
[    0.379425] ACPI: Added _OSI(3.0 _SCP Extensions)
[    0.380098] ACPI: Added _OSI(Processor Aggregator Device)
[    0.381362] ACPI: Executed 1 blocks of module-level executable AML code
[    0.383785] ACPI: Interpreter enabled
[    0.384409] ACPI: (supports S0 S5)
[    0.385016] ACPI: Using IOAPIC for interrupt routing
[    0.385792] PCI: Using host bridge windows from ACPI; if necessary, use "pci=nocrs" and report a bug
[    0.389684] ACPI: PCI Root Bridge [PCI0] (domain 0000 [bus 00-ff])
[    0.390575] acpi PNP0A03:00: _OSC: OS supports [ASPM ClockPM Segments MSI]
[    0.391673] acpi PNP0A03:00: _OSC: not requesting OS control; OS requires [ExtendedConfig ASPM ClockPM MSI]
[    0.392988] acpi PNP0A03:00: fail to add MMCONFIG information, can't access extended PCI configuration space under this bridge.
[    0.394628] PCI host bridge to bus 0000:00
[    0.395200] pci_bus 0000:00: root bus resource [io  0x0000-0x0cf7 window]
[    0.396074] pci_bus 0000:00: root bus resource [io  0x0d00-0xffff window]
[    0.397046] pci_bus 0000:00: root bus resource [mem 0x000a0000-0x000bffff window]
[    0.398123] pci_bus 0000:00: root bus resource [mem 0x40000000-0xfdffffff window]
[    0.399213] pci_bus 0000:00: root bus resource [bus 00-ff]
[    0.401145] pci 0000:00:01.1: legacy IDE quirk: reg 0x10: [io  0x01f0-0x01f7]
[    0.402083] pci 0000:00:01.1: legacy IDE quirk: reg 0x14: [io  0x03f6]
[    0.402913] pci 0000:00:01.1: legacy IDE quirk: reg 0x18: [io  0x0170-0x0177]
[    0.411087] pci 0000:00:01.1: legacy IDE quirk: reg 0x1c: [io  0x0376]
[    0.425538] pci 0000:00:07.0: quirk: [io  0x4000-0x403f] claimed by PIIX4 ACPI
[    0.426687] pci 0000:00:07.0: quirk: [io  0x4100-0x410f] claimed by PIIX4 SMB
[    0.436077] ACPI: PCI Interrupt Link [LNKA] (IRQs 5 9 10 *11)
[    0.437599] ACPI: PCI Interrupt Link [LNKB] (IRQs 5 9 *10 11)
[    0.438966] ACPI: PCI Interrupt Link [LNKC] (IRQs 5 *9 10 11)
[    0.440248] ACPI: PCI Interrupt Link [LNKD] (IRQs 5 9 10 *11)
[    0.441546] ACPI: Enabled 2 GPEs in block 00 to 07
[    0.442610] vgaarb: setting as boot device: PCI:0000:00:02.0
[    0.443373] vgaarb: device added: PCI:0000:00:02.0,decodes=io+mem,owns=io+mem,locks=none
[    0.444519] vgaarb: loaded
[    0.445004] vgaarb: bridge control possible 0000:00:02.0
[    0.445868] SCSI subsystem initialized
[    0.446606] ACPI: bus type USB registered
[    0.447202] usbcore: registered new interface driver usbfs
[    0.447999] usbcore: registered new interface driver hub
[    0.448694] usbcore: registered new device driver usb
[    0.450058] PCI: Using ACPI for IRQ routing
[    0.450910] NetLabel: Initializing
[    0.451511] NetLabel:  domain hash size = 128
[    0.452152] NetLabel:  protocols = UNLABELED CIPSOv4
[    0.452860] NetLabel:  unlabeled traffic allowed by default
[    0.453765] amd_nb: Cannot enumerate AMD northbridges
[    0.454503] clocksource: Switched to clocksource kvm-clock
[    0.459784] AppArmor: AppArmor Filesystem Enabled
[    0.460549] pnp: PnP ACPI init
[    0.461561] pnp: PnP ACPI: found 3 devices
[    0.469733] clocksource: acpi_pm: mask: 0xffffff max_cycles: 0xffffff, max_idle_ns: 2085701024 ns
[    0.471110] NET: Registered protocol family 2
[    0.472065] TCP established hash table entries: 8192 (order: 4, 65536 bytes)
[    0.473137] TCP bind hash table entries: 8192 (order: 5, 131072 bytes)
[    0.473978] TCP: Hash tables configured (established 8192 bind 8192)
[    0.474952] UDP hash table entries: 512 (order: 2, 16384 bytes)
[    0.475694] UDP-Lite hash table entries: 512 (order: 2, 16384 bytes)
[    0.476572] NET: Registered protocol family 1
[    0.477242] pci 0000:00:00.0: Limiting direct PCI/PCI transfers
[    0.478039] pci 0000:00:01.0: Activating ISA DMA hang workarounds
[    0.478983] Unpacking initramfs...
[    0.636944] Freeing initrd memory: 14884K
[    0.637800] clocksource: tsc: mask: 0xffffffffffffffff max_cycles: 0x33e48c2ddf9, max_idle_ns: 440795317019 ns
[    0.639481] platform rtc_cmos: registered platform RTC device (no PNP device found)
[    0.641371] Scanning for low memory corruption every 60 seconds
[    0.642513] audit: initializing netlink subsys (disabled)
[    0.643327] audit: type=2000 audit(1620334102.614:1): initialized
[    0.644344] Initialise system trusted keyring
[    0.645257] HugeTLB registered 2 MB page size, pre-allocated 0 pages
[    0.647102] zbud: loaded
[    0.647888] VFS: Disk quotas dquot_6.6.0
[    0.648524] VFS: Dquot-cache hash table entries: 512 (order 0, 4096 bytes)
[    0.649582] squashfs: version 4.0 (2009/01/31) Phillip Lougher
[    0.650635] fuse init (API version 7.23)
[    0.651370] Key type big_key registered
[    0.651994] Allocating IMA MOK and blacklist keyrings.
[    0.653408] Key type asymmetric registered
[    0.654066] Asymmetric key parser 'x509' registered
[    0.654959] Block layer SCSI generic (bsg) driver version 0.4 loaded (major 249)
[    0.656435] io scheduler noop registered
[    0.657080] io scheduler deadline registered (default)
[    0.657879] io scheduler cfq registered
[    0.658549] pci_hotplug: PCI Hot Plug PCI Core version: 0.5
[    0.659429] pciehp: PCI Express Hot Plug Controller Driver version: 0.4
[    0.660384] ACPI: AC Adapter [AC] (on-line)
[    0.661050] input: Power Button as /devices/LNXSYSTM:00/LNXPWRBN:00/input/input0
[    0.662093] ACPI: Power Button [PWRF]
[    0.662684] input: Sleep Button as /devices/LNXSYSTM:00/LNXSLPBN:00/input/input1
[    0.663736] ACPI: Sleep Button [SLPF]
[    0.664499] GHES: HEST is not enabled!
[    0.665167] Serial: 8250/16550 driver, 32 ports, IRQ sharing enabled
[    0.686374] 00:02: ttyS0 at I/O 0x3f8 (irq = 4, base_baud = 115200) is a 16550A
[    0.688376] Linux agpgart interface v0.103
[    0.690293] loop: module loaded
[    0.691498] scsi host0: ata_piix
[    0.692202] scsi host1: ata_piix
[    0.692742] ata1: PATA max UDMA/33 cmd 0x1f0 ctl 0x3f6 bmdma 0xd000 irq 14
[    0.693638] ata2: PATA max UDMA/33 cmd 0x170 ctl 0x376 bmdma 0xd008 irq 15
[    0.694727] libphy: Fixed MDIO Bus: probed
[    0.695507] tun: Universal TUN/TAP device driver, 1.6
[    0.696227] tun: (C) 1999-2004 Max Krasnyansky <maxk@qualcomm.com>
[    0.697079] PPP generic driver version 2.4.2
[    0.697731] ehci_hcd: USB 2.0 'Enhanced' Host Controller (EHCI) Driver
[    0.698642] ehci-pci: EHCI PCI platform driver
[    0.699366] ehci-platform: EHCI generic platform driver
[    0.700116] ohci_hcd: USB 1.1 'Open' Host Controller (OHCI) Driver
[    0.701020] ohci-pci: OHCI PCI platform driver
[    0.701627] ohci-platform: OHCI generic platform driver
[    0.702373] uhci_hcd: USB Universal Host Controller Interface driver
[    0.703294] i8042: PNP: PS/2 Controller [PNP0303:PS2K,PNP0f03:PS2M] at 0x60,0x64 irq 1,12
[    0.704908] serio: i8042 KBD port at 0x60,0x64 irq 1
[    0.705734] serio: i8042 AUX port at 0x60,0x64 irq 12
[    0.706565] mousedev: PS/2 mouse device common for all mice
[    0.708002] input: AT Translated Set 2 keyboard as /devices/platform/i8042/serio0/input/input2
[    0.709247] rtc_cmos rtc_cmos: rtc core: registered rtc_cmos as rtc0
[    0.710181] rtc_cmos rtc_cmos: alarms up to one day, 114 bytes nvram
[    0.711024] i2c /dev entries driver
[    0.711583] device-mapper: uevent: version 1.0.3
[    0.712278] device-mapper: ioctl: 4.34.0-ioctl (2015-10-28) initialised: dm-devel@redhat.com
[    0.713523] ledtrig-cpu: registered to indicate activity on CPUs
[    0.714642] NET: Registered protocol family 10
[    0.715441] NET: Registered protocol family 17
[    0.716107] Key type dns_resolver registered
[    0.716895] registered taskstats version 1
[    0.717514] Loading compiled-in X.509 certificates
[    0.718609] Loaded X.509 cert 'Build time autogenerated kernel key: cf00e047681d67edb2720680708b7d9498083038'
[    0.719997] zswap: loaded using pool lzo/zbud
[    0.722262] Key type trusted registered
[    0.725895] Key type encrypted registered
[    0.727059] AppArmor: AppArmor sha1 policy hashing enabled
[    0.727838] ima: No TPM chip found, activating TPM-bypass!
[    0.728630] ima: Allocated hash algorithm: sha1
[    0.729287] evm: HMAC attrs: 0x1
[    0.730066]   Magic number: 5:354:851
[    0.730608]  index3: hash matches
[    0.731156]  index3: hash matches
[    0.731776] rtc_cmos rtc_cmos: setting system clock to 2021-05-06 20:48:17 UTC (1620334097)
[    0.733092] BIOS EDD facility v0.16 2004-Jun-25, 0 devices found
[    0.733951] EDD information not available.
[    0.884559] Freeing unused kernel memory: 1492K
[    0.886472] Write protecting the kernel read-only data: 14336k
[    0.889374] Freeing unused kernel memory: 1584K
[    0.891469] Freeing unused kernel memory: 52K
Loading, please wait...
starting version 229
[    0.918671] random: systemd-udevd: uninitialized urandom read (16 bytes read, 3 bits of entropy available)
[    0.919839] random: udevadm: uninitialized urandom read (16 bytes read, 3 bits of entropy available)
[    0.919898] random: udevadm: uninitialized urandom read (16 bytes read, 3 bits of entropy available)
[    0.929876] random: systemd-udevd: uninitialized urandom read (16 bytes read, 3 bits of entropy available)
[    0.932693] random: systemd-udevd: uninitialized urandom read (16 bytes read, 3 bits of entropy available)
[    0.933749] random: udevadm: uninitialized urandom read (16 bytes read, 3 bits of entropy available)
[    0.933839] random: udevadm: uninitialized urandom read (16 bytes read, 3 bits of entropy available)
[    0.934052] random: udevadm: uninitialized urandom read (16 bytes read, 3 bits of entropy available)
[    0.934137] random: udevadm: uninitialized urandom read (16 bytes read, 3 bits of entropy available)
[    0.934222] random: udevadm: uninitialized urandom read (16 bytes read, 3 bits of entropy available)
[    0.980317] e1000: Intel(R) PRO/1000 Network Driver - version 7.3.21-k8-NAPI
[    0.981336] e1000: Copyright (c) 1999-2006 Intel Corporation.
[    0.984222] Fusion MPT base driver 3.04.20
[    0.984931] Copyright (c) 1999-2008 LSI Corporation
[    0.997228] Fusion MPT SPI Host driver 3.04.20
[    1.000230] AVX2 version of gcm_enc/dec engaged.
[    1.000983] AES CTR mode by8 optimization enabled
[    1.187525] input: ImExPS/2 Generic Explorer Mouse as /devices/platform/i8042/serio1/input/input4
[    1.329524] e1000 0000:00:03.0 eth0: (PCI:33MHz:32-bit) 02:ed:98:3c:8e:82
[    1.330439] e1000 0000:00:03.0 eth0: Intel(R) PRO/1000 Network Connection
[    1.332268] mptbase: ioc0: Initiating bringup
[    1.394950] ioc0: LSI53C1030 A0: Capabilities={Initiator}
[    1.558698] scsi host2: ioc0: LSI53C1030 A0, FwRev=00000000h, Ports=1, MaxQ=256, IRQ=20
[    1.671792] scsi 2:0:0:0: Direct-Access     VBOX     HARDDISK         1.0  PQ: 0 ANSI: 5
[    1.679898] scsi target2:0:0: Beginning Domain Validation
[    1.688299] scsi target2:0:0: Domain Validation skipping write tests
[    1.692636] scsi target2:0:0: Ending Domain Validation
[    1.696639] scsi target2:0:0: asynchronous
[    1.707184] scsi 2:0:1:0: Direct-Access     VBOX     HARDDISK         1.0  PQ: 0 ANSI: 5
[    1.712249] scsi target2:0:1: Beginning Domain Validation
[    1.717380] scsi target2:0:1: Domain Validation skipping write tests
[    1.719753] scsi target2:0:1: Ending Domain Validation
[    1.734371] scsi target2:0:1: asynchronous
[    1.747355] sd 2:0:0:0: Attached scsi generic sg0 type 0
[    1.748326] sd 2:0:0:0: [sda] 83886080 512-byte logical blocks: (42.9 GB/40.0 GiB)
[    1.749935] sd 2:0:1:0: Attached scsi generic sg1 type 0
[    1.750789] sd 2:0:1:0: [sdb] 20480 512-byte logical blocks: (10.5 MB/10.0 MiB)
[    1.752357] sd 2:0:0:0: [sda] Write Protect is off
[    1.753096] sd 2:0:1:0: [sdb] Write Protect is off
[    1.754095] sd 2:0:0:0: [sda] Incomplete mode parameter data
[    1.754925] sd 2:0:0:0: [sda] Assuming drive cache: write through
[    1.756063] sd 2:0:1:0: [sdb] Incomplete mode parameter data
[    1.756891] sd 2:0:1:0: [sdb] Assuming drive cache: write through
[    1.760680]  sda: sda1
[    1.761713] sd 2:0:0:0: [sda] Attached SCSI disk
[    1.763030] sd 2:0:1:0: [sdb] Attached SCSI disk
[    2.018197] e1000 0000:00:08.0 eth1: (PCI:33MHz:32-bit) 08:00:27:b9:2c:b3
[    2.019216] e1000 0000:00:08.0 eth1: Intel(R) PRO/1000 Network Connection
[    2.021079] e1000 0000:00:03.0 enp0s3: renamed from eth0
[    2.031364] e1000 0000:00:08.0 enp0s8: renamed from eth1
Begin: Loading essential drivers ... [    3.305863] md: linear personality registered for level -1
[    3.308851] md: multipath personality registered for level -4
[    3.311537] md: raid0 personality registered for level 0
[    3.314914] md: raid1 personality registered for level 1
[    3.386560] raid6: sse2x1   gen() 14238 MB/s
[    3.454559] raid6: sse2x1   xor() 10641 MB/s
[    3.522561] raid6: sse2x2   gen() 17605 MB/s
[    3.590548] raid6: sse2x2   xor() 12047 MB/s
[    3.658575] raid6: sse2x4   gen() 20439 MB/s
[    3.727327] raid6: sse2x4   xor() 12614 MB/s
[    3.794557] raid6: avx2x1   gen() 24586 MB/s
[    3.862558] raid6: avx2x2   gen() 32916 MB/s
[    3.930557] raid6: avx2x4   gen() 36375 MB/s
[    3.931217] raid6: using algorithm avx2x4 gen() 36375 MB/s
[    3.931978] raid6: using avx2x2 recovery algorithm
[    3.933488] xor: automatically using best checksumming function:
[    3.975802]    avx       : 64020.000 MB/sec
[    3.977610] async_tx: api initialized (async)
[    3.985282] md: raid6 personality registered for level 6
[    3.986105] md: raid5 personality registered for level 5
[    3.986876] md: raid4 personality registered for level 4
[    3.992352] md: raid10 personality registered for level 10
done.
Begin: Running /scripts/init-premount ... done.
Begin: Mounting root file system ... Begin: Running /scripts/local-top ... done.
Begin: Running /scripts/local-premount ... [    4.015534] Btrfs loaded
Scanning for Btrfs filesystems
done.
Warning: fsck not present, so skipping root file system
[    4.040073] EXT4-fs (sda1): mounted filesystem with ordered data mode. Opts: (null)
done.
Begin: Running /scripts/local-bottom ... done.
Begin: Running /scripts/init-bottom ... done.
[    4.173628] systemd[1]: systemd 229 running in system mode. (+PAM +AUDIT +SELINUX +IMA +APPARMOR +SMACK +SYSVINIT +UTMP +LIBCRYPTSETUP +GCRYPT +GNUTLS +ACL +XZ -LZ4 +SECCOMP +BLKID +ELFUTILS +KMOD -IDN)
[    4.185986] systemd[1]: Detected virtualization oracle.
[    4.189064] systemd[1]: Detected architecture x86-64.

Welcome to [1mUbuntu 16.04.7 LTS[0m!

[    4.195297] systemd[1]: Set hostname to <ubuntu>.
[    4.199020] systemd[1]: Initializing machine ID from random generator.
[    4.200749] systemd[1]: Installed transient /etc/machine-id file.
[    4.359066] systemd[1]: Created slice System Slice.
[[0;32m  OK  [0m] Created slice System Slice.
[    4.362341] systemd[1]: Reached target User and Group Name Lookups.
[[0;32m  OK  [0m] Reached target User and Group Name Lookups.
[    4.365574] systemd[1]: Reached target Encrypted Volumes.
[[0;32m  OK  [0m] Reached target Encrypted Volumes.
[    4.368394] systemd[1]: Reached target System Time Synchronized.
[[0;32m  OK  [0m] Reached target System Time Synchronized.
[    4.372047] systemd[1]: Created slice User and Session Slice.
[[0;32m  OK  [0m] Created slice User and Session Slice.
[    4.375489] systemd[1]: Listening on Syslog Socket.
[[0;32m  OK  [0m] Listening on Syslog Socket.
[    4.378671] systemd[1]: Reached target Swap.
[[0;32m  OK  [0m] Reached target Swap.
[    4.381597] systemd[1]: Listening on udev Control Socket.
[[0;32m  OK  [0m] Listening on udev Control Socket.
[    4.384560] systemd[1]: Started Trigger resolvconf update for networkd DNS.
[[0;32m  OK  [0m] Started Trigger resolvconf update for networkd DNS.
[    4.387567] systemd[1]: Listening on LVM2 metadata daemon socket.
[[0;32m  OK  [0m] Listening on LVM2 metadata daemon socket.
[    4.390700] systemd[1]: Listening on Device-mapper event daemon FIFOs.
[[0;32m  OK  [0m] Listening on Device-mapper event daemon FIFOs.
[    4.393157] systemd[1]: Listening on udev Kernel Socket.
[[0;32m  OK  [0m] Listening on udev Kernel Socket.
[    4.395259] systemd[1]: Listening on LVM2 poll daemon socket.
[[0;32m  OK  [0m] Listening on LVM2 poll daemon socket.
[    4.397229] systemd[1]: Reached target Slices.
[[0;32m  OK  [0m] Reached target Slices.
[    4.555935] systemd[1]: Listening on Journal Socket (/dev/log).
[[0;32m  OK  [0m] Listening on Journal Socket (/dev/log).
[    4.563636] systemd[1]: Listening on /dev/initctl Compatibility Named Pipe.
[[0;32m  OK  [0m] Listening on /dev/initctl Compatibility Named Pipe.
[    4.571386] systemd[1]: Started Forward Password Requests to Wall Directory Watch.
[[0;32m  OK  [0m] Started Forward Password Requests to Wall Directory Watch.
[    4.579299] systemd[1]: Listening on Journal Socket.
[[0;32m  OK  [0m] Listening on Journal Socket.
[    4.598857] systemd[1]: Starting Load Kernel Modules...
         Starting Load Kernel Modules...
[    4.601698] systemd[1]: Starting Monitoring of LVM2 mirrors, snapshots etc. using dmeventd or progress polling...
         Starting Monitoring of LVM2 mirrors... dmeventd or progress polling...
[    4.606164] systemd[1]: Starting Nameserver information manager...
         Starting Nameserver information manager...
[    4.611676] systemd[1]: Starting Create list of required static device nodes for the current kernel...
         Starting Create [    4.613993] Loading iSCSI transport class v2.0-870.
list of required st... nodes for the current kernel...
[    4.615897] systemd[1]: Starting Uncomplicated firewall...
         Starting Uncomplicated firewall...
[    4.617947] systemd[1]: Listening on Journal Audit Socket.
[[0;32m  OK  [0m] Listening on Journal Audit Socket.
[    4.620930] systemd[1]: Starting Journal Service...
         Starting Journal Service...
[    4.624454] iscsi: registered transport (tcp)
[    4.626834] systemd[1]: Set up automount Arbitrary Executable File Formats File System Automount Point.
[[0;32m  OK  [0m] Set up automount Arbitrary Executab...ats File System Automount Point.
[    4.631346] systemd[1]: Mounting POSIX Message Queue File System...
         Mounting POSIX Message Queue File System...
[    4.632757] systemd[1]: Listening on fsck to fsckd communication Socket.
[[0;32m  OK  [0m] Listening on fsck to fsckd communication Socket.
[    4.635293] systemd[1]: Starting File System Check on Root Device...
         Starting File System Check on Root Device...
[    4.643136] systemd[1]: Mounting Debug File System...
         Mounting Debug File System...
[    4.650956] systemd[1]: Created slice system-serial\x2dgetty.slice.
[[0;32m  OK  [0m] Created slice system-serial\x2dgetty.slice.
[    4.652927] systemd[1]: Mounting Huge Pages File System...
         Mounting Huge Pages File System...
[    4.654956] systemd[1]: Starting Set console keymap...
         Starting Set console keymap...
[    4.657779] systemd[1]: Mounted POSIX Message Queue File System.
[[0;32m  OK  [0m] Mounted POSIX Message Queue File System.
[    4.659302] systemd[1]: Mounted Debug File System.
[[0;32m  OK  [0m] Mounted Debug File System.
[    4.660703] iscsi: registered transport (iser)
[    4.660986] systemd[1]: Mounted Huge Pages File System.
[[0;32m  OK  [0m] Mounted Huge Pages File System.
[    4.662864] systemd[1]: Started Journal Service.
[[0;32m  OK  [0m] Started Journal Service.
[[0;32m  OK  [0m] Started Load Kernel Modules.
[[0;32m  OK  [0m] Started Create list of required sta...ce nodes for the current kernel.
[[0;32m  OK  [0m] Started Uncomplicated firewall.
[[0;32m  OK  [0m] Started File System Check on Root Device.
[[0;32m  OK  [0m] Started Nameserver information manager.
[[0;32m  OK  [0m] Started LVM2 metadata daemon.
[[0;32m  OK  [0m] Started File System Check Daemon to report status.
         Starting Remount Root and Kernel File Systems...
         Starting Create Static Device Nodes in /dev...
[    4.678889] EXT4-fs (sda1): re-mounted. Opts: (null)
         Mounting FUSE Control File System...
         Starting Apply Kernel Variables...
[[0;32m  OK  [0m] Mounted FUSE Control File System.
[[0;32m  OK  [0m] Started Remount Root and Kernel File Systems.
         Starting udev Coldplug all Devices...
         Starting Flush Journal to Persistent Storage...
         Starting Load/Save Random Seed...
[[0;32m  OK  [0m] Started Set console keymap.
[[0;32m  OK  [0m] Started Create Static Device Nodes in /dev.
[[0;32m  OK  [0m] Started Apply Kernel Variables.
         Starting udev Kernel Device Manager...
[[0;32m  OK  [0m] Started Load/Save Random Seed.
[[0;32m  OK  [0m] Started Flush Journal to Persistent Storage.
[[0;32m  OK  [0m] Started udev Kernel Device Manager.
[[0;32m  OK  [0m] Started udev Coldplug all Devices.
[[0;32m  OK  [0m] Started Dispatch Password Requests to Console Directory Watch.
[[0;32m  OK  [0m] Found device /dev/ttyS0.
[[0;32m  OK  [0m] Listening on Load/Save RF Kill Switch Status /dev/rfkill Watch.
[[0;32m  OK  [0m] Started Monitoring of LVM2 mirrors,...ng dmeventd or progress polling.
[[0;32m  OK  [0m] Reached target Local File Systems (Pre).
[[0;32m  OK  [0m] Reached target Local File Systems.
         Starting Commit a transient machine-id on disk...
         Starting Create Volatile Files and Directories...
         Starting LSB: AppArmor initialization...
         Starting Initial cloud-init job (pre-networking)...
         Starting Tell Plymouth To Write Out Runtime Data...
         Starting Set console font and keymap...
[[0;32m  OK  [0m] Started Commit a transient machine-id on disk.
[[0;32m  OK  [0m] Started Create Volatile Files and Directories.
[[0;32m  OK  [0m] Started Tell Plymouth To Write Out Runtime Data.
         Starting Update UTMP about System Boot/Shutdown...
[[0;32m  OK  [0m] Started Update UTMP about System Boot/Shutdown.
[[0;32m  OK  [0m] Started Set console font and keymap.
[[0;32m  OK  [0m] Created slice system-getty.slice.
[[0;32m  OK  [0m] Started LSB: AppArmor initialization.
         Starting Load AppArmor profiles managed internally by snapd...
[[0;32m  OK  [0m] Started Load AppArmor profiles managed internally by snapd.
[    5.826691] cloud-init[630]: Cloud-init v. 21.1-19-gbad84ad4-0ubuntu1~16.04.2 running 'init-local' at Thu, 06 May 2021 20:48:22 +0000. Up 5.63 seconds.
[[0;32m  OK  [0m] Started Initial cloud-init job (pre-networking).
[[0;32m  OK  [0m] Reached target Network (Pre).
         Starting Raise network interfaces...
[[0;32m  OK  [0m] Started Raise network interfaces.
         Starting Initial cloud-init job (metadata service crawler)...
[[0;32m  OK  [0m] Reached target Network.
[    6.661486] cloud-init[961]: Cloud-init v. 21.1-19-gbad84ad4-0ubuntu1~16.04.2 running 'init' at Thu, 06 May 2021 20:48:23 +0000. Up 6.24 seconds.
[    6.662960] cloud-init[961]: ci-info: ++++++++++++++++++++++++++++++++++++++Net device info+++++++++++++++++++++++++++++++++++++++
[    6.664107] cloud-init[961]: ci-info: +--------+-------+----------------------------+---------------+--------+-------------------+
[    6.665213] cloud-init[961]: ci-info: | Device |   Up  |          Address           |      Mask     | Scope  |     Hw-Address    |
[    6.666285] cloud-init[961]: ci-info: +--------+-------+----------------------------+---------------+--------+-------------------+
[    6.667452] cloud-init[961]: ci-info: | enp0s3 |  True |         10.0.2.15          | 255.255.255.0 | global | 02:ed:98:3c:8e:82 |
[    6.668530] cloud-init[961]: ci-info: | enp0s3 |  True | fe80::ed:98ff:fe3c:8e82/64 |       .       |  link  | 02:ed:98:3c:8e:82 |
[    6.669588] cloud-init[961]: ci-info: | enp0s8 | False |             .              |       .       |   .    | 08:00:27:b9:2c:b3 |
[    6.670570] cloud-init[961]: ci-info: |   lo   |  True |         127.0.0.1          |   255.0.0.0   |  host  |         .         |
[    6.671659] cloud-init[961]: ci-info: |   lo   |  True |          ::1/128           |       .       |  host  |         .         |
[    6.672584] cloud-init[961]: ci-info: +--------+-------+----------------------------+---------------+--------+-------------------+
[    6.673644] cloud-init[961]: ci-info: +++++++++++++++++++++++++++Route IPv4 info++++++++++++++++++++++++++++
[    6.674628] cloud-init[961]: ci-info: +-------+-------------+----------+---------------+-----------+-------+
[    6.675555] cloud-init[961]: ci-info: | Route | Destination | Gateway  |    Genmask    | Interface | Flags |
[    6.676486] cloud-init[961]: ci-info: +-------+-------------+----------+---------------+-----------+-------+
[    6.677407] cloud-init[961]: ci-info: |   0   |   0.0.0.0   | 10.0.2.2 |    0.0.0.0    |   enp0s3  |   UG  |
[    6.678347] cloud-init[961]: ci-info: |   1   |   10.0.2.0  | 0.0.0.0  | 255.255.255.0 |   enp0s3  |   U   |
[    6.679769] cloud-init[961]: ci-info: +-------+-------------+----------+---------------+-----------+-------+
[    6.680738] cloud-init[961]: ci-info: +++++++++++++++++++Route IPv6 info+++++++++++++++++++
[    6.693625] cloud-init[961]: ci-info: +-------+-------------+---------+-----------+-------+
[    6.694462] cloud-init[961]: ci-info: | Route | Destination | Gateway | Interface | Flags |
[    6.695452] cloud-init[961]: ci-info: +-------+-------------+---------+-----------+-------+
[    6.696282] cloud-init[961]: ci-info: |   0   |  fe80::/64  |    ::   |   enp0s3  |   U   |
[    6.697128] cloud-init[961]: ci-info: |   3   |   ff00::/8  |    ::   |   enp0s3  |   U   |
[    6.697935] cloud-init[961]: ci-info: +-------+-------------+---------+-----------+-------+
[    6.698723] cloud-init[961]: Generating public/private rsa key pair.
[    6.699277] cloud-init[961]: Your identification has been saved in /etc/ssh/ssh_host_rsa_key.
[    6.700176] cloud-init[961]: Your public key has been saved in /etc/ssh/ssh_host_rsa_key.pub.
[    6.700961] cloud-init[961]: The key fingerprint is:
[    6.701540] cloud-init[961]: SHA256:+Jv/IR4kAdcChovN5CdWsI8k6CD7+vSRKNymF8MPAyY root@ubuntu-xenial
[    6.702159] cloud-init[961]: The key's randomart image is:
[    6.702792] cloud-init[961]: +---[RSA 2048]----+
[    6.703380] cloud-init[961]: |    .o+...       |
[    6.703933] cloud-init[961]: | .  oo.o. .      |
[    6.704538] cloud-init[961]: |+ .*oo  ..       |
[    6.704980] cloud-init[961]: |E+.oBo.. .       |
[    6.705654] cloud-init[961]: |+.o..oo S .      |
[    6.706204] cloud-init[961]: |...B . . o       |
[[0;32m  OK  [0m] Started Initial cloud-init job (metadata service crawler).
[[0;32m  OK  [0m] Reached target System Initialization.
[    6.719063] cloud-init[961]: |..+oO   . o .    |
[    6.721046] cloud-init[961]: | +oo o   + o .   |
[    6.721546] cloud-init[961]: |.oo .   o.o..    |
[    6.722021] cloud-init[961]: +----[SHA256]-----+
[[0;32m  OK  [0m] Started ACPI Events Check.
[[0;32m  OK  [0m] Reached target Paths.
[[0;32m  OK  [0m] Listening on D-Bus System Message Bus Socket.
[[0;32m  OK  [0m] Listening on ACPID Listen Socket.
[[0;32m  OK  [0m] Started Daily apt download activities.
[[0;32m  OK  [0m] Listening on UUID daemon activation socket.
[[0;32m  OK  [0m] Started Message of the Day.
[[0;32m  OK  [0m] Started Daily Cleanup of Temporary Directories.
[    6.722848] cloud-init[961]: Generating public/private dsa key pair.
[    6.736172] cloud-init[961]: Your identification has been saved in /etc/ssh/ssh_host_dsa_key.
[    6.737011] cloud-init[961]: Your public key has been saved in /etc/ssh/ssh_host_dsa_key.pub.
[    6.737823] cloud-init[961]: The key fingerprint is:
[    6.738394] cloud-init[961]: SHA256:HB/GLZ5e38Mx3mcDfmkjJa7amFMQctozenePX4IPyNk root@ubuntu-xenial
[    6.739232] cloud-init[961]: The key's randomart image is:
[    6.744254] cloud-init[961]: +---[DSA 1024]----+
         Starting LXD - unix socket.
[[0;32m  OK  [0m] Started Daily apt upgrade and clean activities.
[[0;32m  OK  [0m] Reached target Timers.
         Starting Socket activation for snappy daemon.
[[0;32m  OK  [0m] Reached target Network is Online.
[    6.747160] cloud-init[961]: |                 |
[    6.750669] cloud-init[961]: |       . + .     |
[    6.751119] cloud-init[961]: |        * * .    |
[    6.751590] cloud-init[961]: |       o X +     |
[    6.752091] cloud-init[961]: |        S B .o + |
[    6.752639] cloud-init[961]: |       . + Bo+*.=|
[    6.753183] cloud-init[961]: |        . B E+=X*|
[    6.760245] cloud-init[961]: |         .+ .+++*|
[    6.760783] cloud-init[961]: |         +oo  o. |
[    6.761284] cloud-init[961]: +----[SHA256]-----+
         Starting iSCSI initiator daemon (iscsid)...
[[0;32m  OK  [0m] Reached target Cloud-config availability.
[[0;32m  OK  [0m] Listening on LXD - unix socket.
[[0;32m  OK  [0m] Listening on Socket activation for snappy daemon.
[    6.770650] cloud-init[961]: Generating public/private ecdsa key pair.
[    6.781364] [[0;32m  OK  [0m] Reached target Sockets.
[[0;32m  OK  [0m] Reached target Basic System.
cloud-init[961]: Your identification has been saved in /etc/ssh/ssh_host_ecdsa_key.
[    6.782286]          Starting Login Service...
cloud-init[961]: Your public key has been saved in /etc/ssh/ssh_host_ecdsa_key.pub.
[    6.782871] cloud-init[961]: The key fingerprint is:
         Starting Pollinate to seed the pseudo random number generator...
[    6.783686] cloud-init[[0;32m  OK  [0m] Started FUSE filesystem for LXC.
         Starting System Logging Service...
[961]: SHA256:vVOOk9BI7HVueHNJPUCJkl0Rnp7BNjcmyYKdX9ZfKkE root@ubuntu-xenial
[[0;32m  OK  [0m] Started ACPI event daemon.
[[0;32m  OK  [0m] Started Deferred execution scheduler.
         Starting Accounts Service...
         Starting LSB: MD monitoring daemon...
         Starting /etc/rc.local Compatibility...
         Starting Virtualbox guest utils...
         Starting LXD - container startup/shutdown...
[[0;32m  OK  [0m] Started Regular background program processing daemon.
         Starting Snap Daemon...
[[0;32m  OK  [0m] Started D-Bus System Message Bus.
[    6.790557] cloud-init[961]: The key's randomart image is:
[    6.805323] cloud-init[961]: +---[ECDSA 256]---+
[    6.812309] cloud-init[961]: |          o E*+  |
[    6.815382] cloud-init[961]: |       . oo+=.+..|
[    6.817406] cloud-init[961]: |        o.o+o@.B+|
[    6.818053] cloud-init[961]: |       o = +=oXo=|
[    6.819432] cloud-init[961]: |        S + B++ .|
[    6.819905] cloud-init[961]: |         . O +   |
[    6.820724] cloud-init[961]: |          * .    |
[    6.821283] cloud-init[961]: |           o     |
[    6.822119] cloud-init[961]: |                 |
[    6.822685] cloud-init[961]: +----[SHA256]-----+
[    6.823267] cloud-init[961]: Generating public/private ed25519 key pair.
[    6.824379] cloud-init[961]: Your identification has been saved in /etc/ssh/ssh_host_ed25519_key.
[    6.825517] cloud-init[961]: Your public key has been saved in /etc/ssh/ssh_host_ed25519_key.pub.
[    6.827086] cloud-init[961]: The key fingerprint is:
[    6.828495] cloud-init[961]: SHA256:N5MDUY68TsjoPgWLLzAJlTpNa/Z2mQo42zl8/B+AT5k root@ubuntu-xenial
[    6.829967] cloud-init[961]: The key's randomart image is:
[    6.830789] cloud-init[961]: +--[ED25519 256]--+
[    6.831196] cloud-init[961]: |   .    ...      |
[    6.832001] cloud-init[961]: |  +    . +       |
[    6.833455] cloud-init[961]: | = .    + .      |
[    6.836336] cloud-init[961]: |+ = .+ + o .     |
[    6.837146] cloud-init[961]: |.* oooEoS *      |
[    6.837653] cloud-init[961]: |* o.+o=+ . +     |
[    6.838105] cloud-init[961]: | B *.+. o        |
[    6.838600] cloud-init[961]: |. *.*    .       |
[    6.839066] cloud-init[961]: |   +.o...        |
[    6.839541] cloud-init[961]: +----[SHA256]-----+
         Starting LSB: Record successful boot for GRUB...
[[0;32m  OK  [0m] Started System Logging Service.
[[0;32m  OK  [0m] Started iSCSI initiator daemon (iscsid).
[[0;32m  OK  [0m] Started /etc/rc.local Compatibility.
[[0;32m  OK  [0m] Started Login Service.
[[0;32m  OK  [0m] Started Unattended Upgrades Shutdown.
         Starting Authenticate and Authorize Users to Run Privileged Tasks...
         Starting Login to default iSCSI targets...
[[0;32m  OK  [0m] Started LSB: MD monitoring daemon.
[[0;32m  OK  [0m] Started LSB: Record successful boot for GRUB.
[[0;32m  OK  [0m] Started Login to default iSCSI targets.
[[0;32m  OK  [0m] Reached target Remote File Systems (Pre).
[[0;32m  OK  [0m] Reached target Remote File Systems.
         Starting Permit User Sessions...
         Starting LSB: daemon to balance interrupts for SMP systems...
         Starting LSB: automatic crash report generation...
         Starting LSB: Set the CPU Frequency Scaling governor to "ondemand"...
[[0;32m  OK  [0m] Started Virtualbox guest utils.
[[0;32m  OK  [0m] Started Permit User Sessions.
[[0;32m  OK  [0m] Started Authenticate and Authorize Users to Run Privileged Tasks.
[[0;32m  OK  [0m] Started Accounts Service.
         Starting Terminate Plymouth Boot Screen...
         Starting Hold until boot process finishes up...
[[0;32m  OK  [0m] Started Hold until boot process finishes up.
[[0;32m  OK  [0m] Started Serial Getty on ttyS0.
         Starting Set console scheme...
[[0;32m  OK  [0m] Started Getty on tty1.
[[0;32m  OK  [0m] Reached target Login Prompts.
[[0;32m  OK  [0m] Started Terminate Plymouth Boot Screen.
[[0;32m  OK  [0m] Started LSB: Set the CPU Frequency Scaling governor to "ondemand".
[[0;32m  OK  [0m] Started Set console scheme.
[[0;32m  OK  [0m] Started LSB: daemon to balance interrupts for SMP systems.
[[0;32m  OK  [0m] Started LXD - container startup/shutdown.
[[0;32m  OK  [0m] Started LSB: automatic crash report generation.
[[0;32m  OK  [0m] Started Snap Daemon.
         Starting Wait until snapd is fully seeded...
[[0;32m  OK  [0m] Started Pollinate to seed the pseudo random number generator.
         Starting OpenBSD Secure Shell server...
[[0;32m  OK  [0m] Started OpenBSD Secure Shell server.
[[0;32m  OK  [0m] Started Wait until snapd is fully seeded.
         Starting Apply the settings specified in cloud-config...
[[0;32m  OK  [0m] Reached target Multi-User System.
[[0;32m  OK  [0m] Reached target Graphical Interface.
         Starting Update UTMP about System Runlevel Changes...
[[0;32m  OK  [0m] Started Update UTMP about System Runlevel Changes.
[    7.954006] cloud-init[1302]: Generating locales (this might take a while)...
[    8.445394] cloud-init[1302]:   en_US.UTF-8... done
[    8.447116] cloud-init[1302]: Generation complete.
[    8.825426] cloud-init[1302]: Cloud-init v. 21.1-19-gbad84ad4-0ubuntu1~16.04.2 running 'modules:config' at Thu, 06 May 2021 20:48:24 +0000. Up 7.87 seconds.
[[0;32m  OK  [0m] Started Apply the settings specified in cloud-config.
         Starting Execute cloud user/final scripts...
ci-info: no authorized SSH keys fingerprints found for user ubuntu.
<14>May  6 20:48:26 ec2: 
<14>May  6 20:48:26 ec2: #############################################################
<14>May  6 20:48:26 ec2: -----BEGIN SSH HOST KEY FINGERPRINTS-----
<14>May  6 20:48:26 ec2: 1024 SHA256:HB/GLZ5e38Mx3mcDfmkjJa7amFMQctozenePX4IPyNk root@ubuntu-xenial (DSA)
<14>May  6 20:48:26 ec2: 256 SHA256:vVOOk9BI7HVueHNJPUCJkl0Rnp7BNjcmyYKdX9ZfKkE root@ubuntu-xenial (ECDSA)
<14>May  6 20:48:26 ec2: 256 SHA256:N5MDUY68TsjoPgWLLzAJlTpNa/Z2mQo42zl8/B+AT5k root@ubuntu-xenial (ED25519)
<14>May  6 20:48:26 ec2: 2048 SHA256:+Jv/IR4kAdcChovN5CdWsI8k6CD7+vSRKNymF8MPAyY root@ubuntu-xenial (RSA)
<14>May  6 20:48:26 ec2: -----END SSH HOST KEY FINGERPRINTS-----
<14>May  6 20:48:26 ec2: #############################################################
-----BEGIN SSH HOST KEY KEYS-----
ecdsa-sha2-nistp256 AAAAE2VjZHNhLXNoYTItbmlzdHAyNTYAAAAIbmlzdHAyNTYAAABBBFXjHlO6yBYF/FDOetnuYw64RUd9fwfMr3QwfKEBFAlgbjfFKIQjLSRb1FFTObZOpZDAYyoFLZytzE7uOSvqDc8= root@ubuntu-xenial
ssh-ed25519 AAAAC3NzaC1lZDI1NTE5AAAAIA2FhIqghJYiByehv4rQS4qheBLgcJVjSC+B+H4OzdWO root@ubuntu-xenial
ssh-rsa AAAAB3NzaC1yc2EAAAADAQABAAABAQDvKcXaMjefPCFu6bqN/KSjHW8ILWqs+fDT0Jc6XpDA+uypmdCQ05sYE+5Q4D4vQtV16rVbCKb84SPg65CRiJCkRxfcgaWk/eduydyKRiavs4lFe3AyMcmcAGMOM4YrSKXWJH2ymLWOHqfNN+iIMF3z0wTNebbXRUzwndv/VgmYvKIAPs6YTZqE7HWAZctsHJOwy2YHzXJjPc6GE5ZaAAoUkEpFEqzwZHC86b3rgKiFTxeCUhbqKKdPcgoBHmrLoCIeN8LNuIsi3ApBLhsuOAxvEwlBT6gnUw4Ocpb7qBwMpjNEfl7Zq7usZV59oLXJq1xBm9qQk5yzeywI4AnrBLKF root@ubuntu-xenial
-----END SSH HOST KEY KEYS-----
[    9.148358] cloud-init[1345]: Cloud-init v. 21.1-19-gbad84ad4-0ubuntu1~16.04.2 running 'modules:final' at Thu, 06 May 2021 20:48:25 +0000. Up 9.04 seconds.
[    9.149526] cloud-init[1345]: ci-info: no authorized SSH keys fingerprints found for user ubuntu.
[    9.150400] cloud-init[1345]: Cloud-init v. 21.1-19-gbad84ad4-0ubuntu1~16.04.2 finished at Thu, 06 May 2021 20:48:26 +0000. Datasource DataSourceNoCloud [seed=/dev/sdb][dsmode=net].  Up 9.14 seconds
[[0;32m  OK  [0m] Started Execute cloud user/final scripts.
[[0;32m  OK  [0m] Reached target Cloud-init target.

Ubuntu 16.04.7 LTS ubuntu-xenial ttyS0

ubuntu-xenial login: 