[    0.000000] Initializing cgroup subsys cpuset
[    0.000000] Initializing cgroup subsys cpu
[    0.000000] Initializing cgroup subsys cpuacct
[    0.000000] Linux version 4.4.0-210-generic (buildd@lgw01-amd64-009) (gcc version 5.4.0 20160609 (Ubuntu 5.4.0-6ubuntu1~16.04.12) ) #242-Ubuntu SMP Fri Apr 16 09:57:56 UTC 2021 (Ubuntu 4.4.0-210.242-generic 4.4.262)
[    0.000000] Command line: BOOT_IMAGE=/boot/vmlinuz-4.4.0-210-generic root=LABEL=cloudimg-rootfs ro console=tty1 console=ttyS0
[    0.000000] KERNEL supported cpus:
[    0.000000]   Intel GenuineIntel
[    0.000000]   AMD AuthenticAMD
[    0.000000]   Centaur CentaurHauls
[    0.000000] x86/fpu: xstate_offset[2]:  576, xstate_sizes[2]:  256
[    0.000000] x86/fpu: Supporting XSAVE feature 0x01: 'x87 floating point registers'
[    0.000000] x86/fpu: Supporting XSAVE feature 0x02: 'SSE registers'
[    0.000000] x86/fpu: Supporting XSAVE feature 0x04: 'AVX registers'
[    0.000000] x86/fpu: Enabled xstate features 0x7, context size is 832 bytes, using 'standard' format.
[    0.000000] e820: BIOS-provided physical RAM map:
[    0.000000] BIOS-e820: [mem 0x0000000000000000-0x000000000009fbff] usable
[    0.000000] BIOS-e820: [mem 0x000000000009fc00-0x000000000009ffff] reserved
[    0.000000] BIOS-e820: [mem 0x00000000000f0000-0x00000000000fffff] reserved
[    0.000000] BIOS-e820: [mem 0x0000000000100000-0x000000007ffeffff] usable
[    0.000000] BIOS-e820: [mem 0x000000007fff0000-0x000000007fffffff] ACPI data
[    0.000000] BIOS-e820: [mem 0x00000000fec00000-0x00000000fec00fff] reserved
[    0.000000] BIOS-e820: [mem 0x00000000fee00000-0x00000000fee00fff] reserved
[    0.000000] BIOS-e820: [mem 0x00000000fffc0000-0x00000000ffffffff] reserved
[    0.000000] NX (Execute Disable) protection: active
[    0.000000] SMBIOS 2.5 present.
[    0.000000] Hypervisor detected: KVM
[    0.000000] e820: last_pfn = 0x7fff0 max_arch_pfn = 0x400000000
[    0.000000] MTRR: Disabled
[    0.000000] x86/PAT: MTRRs disabled, skipping PAT initialization too.
[    0.000000] CPU MTRRs all blank - virtualized system.
[    0.000000] x86/PAT: Configuration [0-7]: WB  WT  UC- UC  WB  WT  UC- UC  
[    0.000000] found SMP MP-table at [mem 0x0009fff0-0x0009ffff] mapped at [ffff88000009fff0]
[    0.000000] Scanning 1 areas for low memory corruption
[    0.000000] RAMDISK: [mem 0x362de000-0x37166fff]
[    0.000000] ACPI: Early table checksum verification disabled
[    0.000000] ACPI: RSDP 0x00000000000E0000 000024 (v02 VBOX  )
[    0.000000] ACPI: XSDT 0x000000007FFF0030 00003C (v01 VBOX   VBOXXSDT 00000001 ASL  00000061)
[    0.000000] ACPI: FACP 0x000000007FFF00F0 0000F4 (v04 VBOX   VBOXFACP 00000001 ASL  00000061)
[    0.000000] ACPI: DSDT 0x000000007FFF0480 002325 (v02 VBOX   VBOXBIOS 00000002 INTL 20190509)
[    0.000000] ACPI: FACS 0x000000007FFF0200 000040
[    0.000000] ACPI: FACS 0x000000007FFF0200 000040
[    0.000000] ACPI: APIC 0x000000007FFF0240 00006C (v02 VBOX   VBOXAPIC 00000001 ASL  00000061)
[    0.000000] ACPI: SSDT 0x000000007FFF02B0 0001CC (v01 VBOX   VBOXCPUT 00000002 INTL 20190509)
[    0.000000] No NUMA configuration found
[    0.000000] Faking a node at [mem 0x0000000000000000-0x000000007ffeffff]
[    0.000000] NODE_DATA(0) allocated [mem 0x7ffeb000-0x7ffeffff]
[    0.000000] kvm-clock: Using msrs 4b564d01 and 4b564d00
[    0.000000] kvm-clock: cpu 0, msr 0:7ffe3001, primary cpu clock
[    0.000000] kvm-clock: using sched offset of 3122423196 cycles
[    0.000000] clocksource: kvm-clock: mask: 0xffffffffffffffff max_cycles: 0x1cd42e4dffb, max_idle_ns: 881590591483 ns
[    0.000000] Zone ranges:
[    0.000000]   DMA      [mem 0x0000000000001000-0x0000000000ffffff]
[    0.000000]   DMA32    [mem 0x0000000001000000-0x000000007ffeffff]
[    0.000000]   Normal   empty
[    0.000000]   Device   empty
[    0.000000] Movable zone start for each node
[    0.000000] Early memory node ranges
[    0.000000]   node   0: [mem 0x0000000000001000-0x000000000009efff]
[    0.000000]   node   0: [mem 0x0000000000100000-0x000000007ffeffff]
[    0.000000] Initmem setup node 0 [mem 0x0000000000001000-0x000000007ffeffff]
[    0.000000] ACPI: PM-Timer IO Port: 0x4008
[    0.000000] IOAPIC[0]: apic_id 4, version 32, address 0xfec00000, GSI 0-23
[    0.000000] ACPI: INT_SRC_OVR (bus 0 bus_irq 0 global_irq 2 dfl dfl)
[    0.000000] ACPI: INT_SRC_OVR (bus 0 bus_irq 9 global_irq 9 low level)
[    0.000000] Using ACPI (MADT) for SMP configuration information
[    0.000000] smpboot: Allowing 4 CPUs, 0 hotplug CPUs
[    0.000000] PM: Registered nosave memory: [mem 0x00000000-0x00000fff]
[    0.000000] PM: Registered nosave memory: [mem 0x0009f000-0x0009ffff]
[    0.000000] PM: Registered nosave memory: [mem 0x000a0000-0x000effff]
[    0.000000] PM: Registered nosave memory: [mem 0x000f0000-0x000fffff]
[    0.000000] e820: [mem 0x80000000-0xfebfffff] available for PCI devices
[    0.000000] Booting paravirtualized kernel on KVM
[    0.000000] clocksource: refined-jiffies: mask: 0xffffffff max_cycles: 0xffffffff, max_idle_ns: 7645519600211568 ns
[    0.000000] setup_percpu: NR_CPUS:512 nr_cpumask_bits:512 nr_cpu_ids:4 nr_node_ids:1
[    0.000000] PERCPU: Embedded 33 pages/cpu @ffff88007fc00000 s95192 r8192 d31784 u524288
[    0.000000] Built 1 zonelists in Node order, mobility grouping on.  Total pages: 515960
[    0.000000] Policy zone: DMA32
[    0.000000] Kernel command line: BOOT_IMAGE=/boot/vmlinuz-4.4.0-210-generic root=LABEL=cloudimg-rootfs ro console=tty1 console=ttyS0
[    0.000000] PID hash table entries: 4096 (order: 3, 32768 bytes)
[    0.000000] Memory: 2029724K/2096696K available (8644K kernel code, 1332K rwdata, 4044K rodata, 1492K init, 1164K bss, 66972K reserved, 0K cma-reserved)
[    0.000000] SLUB: HWalign=64, Order=0-3, MinObjects=0, CPUs=4, Nodes=1
[    0.000000] Kernel/User page tables isolation: enabled
[    0.000000] Hierarchical RCU implementation.
[    0.000000] 	Build-time adjustment of leaf fanout to 64.
[    0.000000] 	RCU restricting CPUs from NR_CPUS=512 to nr_cpu_ids=4.
[    0.000000] RCU: Adjusting geometry for rcu_fanout_leaf=64, nr_cpu_ids=4
[    0.000000] NR_IRQS:33024 nr_irqs:456 16
[    0.000000] Console: colour VGA+ 80x25
[    0.000000] console [tty1] enabled
[    0.000000] console [ttyS0] enabled
[    0.000000] tsc: Detected 3407.892 MHz processor
[    0.102208] Calibrating delay loop (skipped) preset value.. 6815.78 BogoMIPS (lpj=13631568)
[    0.103532] pid_max: default: 32768 minimum: 301
[    0.104212] ACPI: Core revision 20150930
[    0.105722] ACPI: 2 ACPI AML tables successfully acquired and loaded
[    0.106773] Security Framework initialized
[    0.107438] Yama: becoming mindful.
[    0.108007] AppArmor: AppArmor initialized
[    0.109103] Dentry cache hash table entries: 262144 (order: 9, 2097152 bytes)
[    0.110393] Inode-cache hash table entries: 131072 (order: 8, 1048576 bytes)
[    0.111884] Mount-cache hash table entries: 4096 (order: 3, 32768 bytes)
[    0.112768] Mountpoint-cache hash table entries: 4096 (order: 3, 32768 bytes)
[    0.114281] Initializing cgroup subsys io
[    0.114945] Initializing cgroup subsys memory
[    0.115645] Initializing cgroup subsys devices
[    0.116325] Initializing cgroup subsys freezer
[    0.116999] Initializing cgroup subsys net_cls
[    0.117701] Initializing cgroup subsys perf_event
[    0.118411] Initializing cgroup subsys net_prio
[    0.119099] Initializing cgroup subsys hugetlb
[    0.119783] Initializing cgroup subsys pids
[    0.121570] mce: CPU supports 0 MCE banks
[    0.122235] Last level iTLB entries: 4KB 64, 2MB 8, 4MB 8
[    0.123046] Last level dTLB entries: 4KB 64, 2MB 0, 4MB 0, 1GB 4
[    0.123928] Spectre V1 : Mitigation: usercopy/swapgs barriers and __user pointer sanitization
[    0.125259] Spectre V2 : Mitigation: Full generic retpoline
[    0.126074] Spectre V2 : Spectre v2 / SpectreRSB mitigation: Filling RSB on context switch
[    0.127351] Speculative Store Bypass: Vulnerable
[    0.128068] SRBDS: Unknown: Dependent on hypervisor status
[    0.128964] MDS: Mitigation: Clear CPU buffers
[    0.131930] Freeing SMP alternatives memory: 36K
[    0.137622] ftrace: allocating 32380 entries in 127 pages
[    0.184696] smpboot: APIC(0) Converting physical 0 to logical package 0
[    0.185645] smpboot: Max logical packages: 1
[    0.186464] x2apic enabled
[    0.187086] Switched APIC routing to physical x2apic.
[    0.188674] ..TIMER: vector=0x30 apic1=0 pin1=2 apic2=-1 pin2=-1
[    0.297613] smpboot: CPU0: Intel(R) Core(TM) i7-6700 CPU @ 3.40GHz (family: 0x6, model: 0x5e, stepping: 0x3)
[    0.299231] Performance Events: unsupported p6 CPU model 94 no PMU driver, software events only.
[    0.309235] KVM setup paravirtual spinlock
[    0.310764] x86: Booting SMP configuration:
[    0.311430] .... node  #0, CPUs:      #1
[    0.312106] kvm-clock: cpu 1, msr 0:7ffe3041, secondary cpu clock
[    0.313821] mce: CPU supports 0 MCE banks
[    0.316279]  #2
[    0.316650] kvm-clock: cpu 2, msr 0:7ffe3081, secondary cpu clock
[    0.318347] mce: CPU supports 0 MCE banks
[    0.320796]  #3
[    0.321151] kvm-clock: cpu 3, msr 0:7ffe30c1, secondary cpu clock
[    0.322965] mce: CPU supports 0 MCE banks
[    0.325456] x86: Booted up 1 node, 4 CPUs
[    0.326192] smpboot: Total of 4 processors activated (27263.13 BogoMIPS)
[    0.327454] devtmpfs: initialized
[    0.329598] evm: security.selinux
[    0.330142] evm: security.SMACK64
[    0.331274] evm: security.SMACK64EXEC
[    0.331836] evm: security.SMACK64TRANSMUTE
[    0.332496] evm: security.SMACK64MMAP
[    0.333065] evm: security.ima
[    0.333580] evm: security.capability
[    0.334258] clocksource: jiffies: mask: 0xffffffff max_cycles: 0xffffffff, max_idle_ns: 7645041785100000 ns
[    0.335631] futex hash table entries: 1024 (order: 4, 65536 bytes)
[    0.336629] pinctrl core: initialized pinctrl subsystem
[    0.337532] RTC time:  6:33:48, date: 05/13/21
[    0.338376] NET: Registered protocol family 16
[    0.349815] cpuidle: using governor ladder
[    0.362132] cpuidle: using governor menu
[    0.362799] PCCT header not found.
[    0.363388] ACPI: bus type PCI registered
[    0.363982] acpiphp: ACPI Hot Plug PCI Controller Driver version: 0.5
[    0.364908] PCI: Using configuration type 1 for base access
[    0.379632] ACPI: Added _OSI(Module Device)
[    0.380274] ACPI: Added _OSI(Processor Device)
[    0.381432] ACPI: Added _OSI(3.0 _SCP Extensions)
[    0.382099] ACPI: Added _OSI(Processor Aggregator Device)
[    0.383384] ACPI: Executed 1 blocks of module-level executable AML code
[    0.385856] ACPI: Interpreter enabled
[    0.386443] ACPI: (supports S0 S5)
[    0.386953] ACPI: Using IOAPIC for interrupt routing
[    0.387769] PCI: Using host bridge windows from ACPI; if necessary, use "pci=nocrs" and report a bug
[    0.391742] ACPI: PCI Root Bridge [PCI0] (domain 0000 [bus 00-ff])
[    0.392639] acpi PNP0A03:00: _OSC: OS supports [ASPM ClockPM Segments MSI]
[    0.393756] acpi PNP0A03:00: _OSC: not requesting OS control; OS requires [ExtendedConfig ASPM ClockPM MSI]
[    0.395123] acpi PNP0A03:00: fail to add MMCONFIG information, can't access extended PCI configuration space under this bridge.
[    0.396881] PCI host bridge to bus 0000:00
[    0.397558] pci_bus 0000:00: root bus resource [io  0x0000-0x0cf7 window]
[    0.398490] pci_bus 0000:00: root bus resource [io  0x0d00-0xffff window]
[    0.399382] pci_bus 0000:00: root bus resource [mem 0x000a0000-0x000bffff window]
[    0.400476] pci_bus 0000:00: root bus resource [mem 0x80000000-0xfdffffff window]
[    0.401659] pci_bus 0000:00: root bus resource [bus 00-ff]
[    0.403569] pci 0000:00:01.1: legacy IDE quirk: reg 0x10: [io  0x01f0-0x01f7]
[    0.404505] pci 0000:00:01.1: legacy IDE quirk: reg 0x14: [io  0x03f6]
[    0.405430] pci 0000:00:01.1: legacy IDE quirk: reg 0x18: [io  0x0170-0x0177]
[    0.413150] pci 0000:00:01.1: legacy IDE quirk: reg 0x1c: [io  0x0376]
[    0.431366] pci 0000:00:07.0: quirk: [io  0x4000-0x403f] claimed by PIIX4 ACPI
[    0.432516] pci 0000:00:07.0: quirk: [io  0x4100-0x410f] claimed by PIIX4 SMB
[    0.444217] ACPI: PCI Interrupt Link [LNKA] (IRQs 5 9 10 *11)
[    0.445488] ACPI: PCI Interrupt Link [LNKB] (IRQs 5 9 *10 11)
[    0.446746] ACPI: PCI Interrupt Link [LNKC] (IRQs 5 *9 10 11)
[    0.447868] ACPI: PCI Interrupt Link [LNKD] (IRQs 5 9 10 *11)
[    0.449121] ACPI: Enabled 2 GPEs in block 00 to 07
[    0.450180] vgaarb: setting as boot device: PCI:0000:00:02.0
[    0.450965] vgaarb: device added: PCI:0000:00:02.0,decodes=io+mem,owns=io+mem,locks=none
[    0.452140] vgaarb: loaded
[    0.452632] vgaarb: bridge control possible 0000:00:02.0
[    0.453562] SCSI subsystem initialized
[    0.454666] ACPI: bus type USB registered
[    0.455291] usbcore: registered new interface driver usbfs
[    0.456037] usbcore: registered new interface driver hub
[    0.456814] usbcore: registered new device driver usb
[    0.457962] PCI: Using ACPI for IRQ routing
[    0.458835] NetLabel: Initializing
[    0.459414] NetLabel:  domain hash size = 128
[    0.460027] NetLabel:  protocols = UNLABELED CIPSOv4
[    0.460775] NetLabel:  unlabeled traffic allowed by default
[    0.461713] amd_nb: Cannot enumerate AMD northbridges
[    0.462513] clocksource: Switched to clocksource kvm-clock
[    0.467925] AppArmor: AppArmor Filesystem Enabled
[    0.468674] pnp: PnP ACPI init
[    0.469730] pnp: PnP ACPI: found 3 devices
[    0.478399] clocksource: acpi_pm: mask: 0xffffff max_cycles: 0xffffff, max_idle_ns: 2085701024 ns
[    0.479681] NET: Registered protocol family 2
[    0.480493] TCP established hash table entries: 16384 (order: 5, 131072 bytes)
[    0.481633] TCP bind hash table entries: 16384 (order: 6, 262144 bytes)
[    0.482510] TCP: Hash tables configured (established 16384 bind 16384)
[    0.483370] UDP hash table entries: 1024 (order: 3, 32768 bytes)
[    0.484164] UDP-Lite hash table entries: 1024 (order: 3, 32768 bytes)
[    0.485027] NET: Registered protocol family 1
[    0.485664] pci 0000:00:00.0: Limiting direct PCI/PCI transfers
[    0.486453] pci 0000:00:01.0: Activating ISA DMA hang workarounds
[    0.487347] Unpacking initramfs...
[    0.648765] Freeing initrd memory: 14884K
[    0.649474] clocksource: tsc: mask: 0xffffffffffffffff max_cycles: 0x311f6de164e, max_idle_ns: 440795252881 ns
[    0.651592] platform rtc_cmos: registered platform RTC device (no PNP device found)
[    0.652718] Scanning for low memory corruption every 60 seconds
[    0.653923] audit: initializing netlink subsys (disabled)
[    0.654684] audit: type=2000 audit(1620887633.588:1): initialized
[    0.655718] Initialise system trusted keyring
[    0.656469] HugeTLB registered 2 MB page size, pre-allocated 0 pages
[    0.658268] zbud: loaded
[    0.659104] VFS: Disk quotas dquot_6.6.0
[    0.659725] VFS: Dquot-cache hash table entries: 512 (order 0, 4096 bytes)
[    0.660778] squashfs: version 4.0 (2009/01/31) Phillip Lougher
[    0.661890] fuse init (API version 7.23)
[    0.662710] Key type big_key registered
[    0.663330] Allocating IMA MOK and blacklist keyrings.
[    0.665433] Key type asymmetric registered
[    0.666066] Asymmetric key parser 'x509' registered
[    0.666849] Block layer SCSI generic (bsg) driver version 0.4 loaded (major 249)
[    0.667983] io scheduler noop registered
[    0.668596] io scheduler deadline registered (default)
[    0.669332] io scheduler cfq registered
[    0.669951] pci_hotplug: PCI Hot Plug PCI Core version: 0.5
[    0.670823] pciehp: PCI Express Hot Plug Controller Driver version: 0.4
[    0.671754] ACPI: AC Adapter [AC] (on-line)
[    0.672416] input: Power Button as /devices/LNXSYSTM:00/LNXPWRBN:00/input/input0
[    0.673496] ACPI: Power Button [PWRF]
[    0.674449] input: Sleep Button as /devices/LNXSYSTM:00/LNXSLPBN:00/input/input1
[    0.675619] ACPI: Sleep Button [SLPF]
[    0.676348] GHES: HEST is not enabled!
[    0.677060] Serial: 8250/16550 driver, 32 ports, IRQ sharing enabled
[    0.698325] 00:02: ttyS0 at I/O 0x3f8 (irq = 4, base_baud = 115200) is a 16550A
[    0.701655] Linux agpgart interface v0.103
[    0.704593] loop: module loaded
[    0.705635] scsi host0: ata_piix
[    0.706444] scsi host1: ata_piix
[    0.707026] ata1: PATA max UDMA/33 cmd 0x1f0 ctl 0x3f6 bmdma 0xd000 irq 14
[    0.707918] ata2: PATA max UDMA/33 cmd 0x170 ctl 0x376 bmdma 0xd008 irq 15
[    0.708985] libphy: Fixed MDIO Bus: probed
[    0.709623] tun: Universal TUN/TAP device driver, 1.6
[    0.710343] tun: (C) 1999-2004 Max Krasnyansky <maxk@qualcomm.com>
[    0.711329] PPP generic driver version 2.4.2
[    0.712045] ehci_hcd: USB 2.0 'Enhanced' Host Controller (EHCI) Driver
[    0.712911] ehci-pci: EHCI PCI platform driver
[    0.713554] ehci-platform: EHCI generic platform driver
[    0.714269] ohci_hcd: USB 1.1 'Open' Host Controller (OHCI) Driver
[    0.715132] ohci-pci: OHCI PCI platform driver
[    0.715789] ohci-platform: OHCI generic platform driver
[    0.716520] uhci_hcd: USB Universal Host Controller Interface driver
[    0.717376] i8042: PNP: PS/2 Controller [PNP0303:PS2K,PNP0f03:PS2M] at 0x60,0x64 irq 1,12
[    0.718937] serio: i8042 KBD port at 0x60,0x64 irq 1
[    0.719613] serio: i8042 AUX port at 0x60,0x64 irq 12
[    0.720512] mousedev: PS/2 mouse device common for all mice
[    0.721586] input: AT Translated Set 2 keyboard as /devices/platform/i8042/serio0/input/input2
[    0.723158] rtc_cmos rtc_cmos: rtc core: registered rtc_cmos as rtc0
[    0.724192] rtc_cmos rtc_cmos: alarms up to one day, 114 bytes nvram
[    0.725173] i2c /dev entries driver
[    0.725871] device-mapper: uevent: version 1.0.3
[    0.726849] device-mapper: ioctl: 4.34.0-ioctl (2015-10-28) initialised: dm-devel@redhat.com
[    0.728242] ledtrig-cpu: registered to indicate activity on CPUs
[    0.729723] NET: Registered protocol family 10
[    0.730686] NET: Registered protocol family 17
[    0.731474] Key type dns_resolver registered
[    0.732709] registered taskstats version 1
[    0.733408] Loading compiled-in X.509 certificates
[    0.734671] Loaded X.509 cert 'Build time autogenerated kernel key: cf00e047681d67edb2720680708b7d9498083038'
[    0.736165] zswap: loaded using pool lzo/zbud
[    0.738790] Key type trusted registered
[    0.742895] Key type encrypted registered
[    0.743583] AppArmor: AppArmor sha1 policy hashing enabled
[    0.744435] ima: No TPM chip found, activating TPM-bypass!
[    0.745286] ima: Allocated hash algorithm: sha1
[    0.746021] evm: HMAC attrs: 0x1
[    0.746968]   Magic number: 5:633:569
[    0.747717] rtc_cmos rtc_cmos: setting system clock to 2021-05-13 06:33:48 UTC (1620887628)
[    0.749264] BIOS EDD facility v0.16 2004-Jun-25, 0 devices found
[    0.750169] EDD information not available.
[    0.887404] Freeing unused kernel memory: 1492K
[    0.888144] Write protecting the kernel read-only data: 14336k
[    0.889665] Freeing unused kernel memory: 1584K
[    0.890632] Freeing unused kernel memory: 52K
Loading, please wait...
starting version 229
[    0.902882] random: systemd-udevd: uninitialized urandom read (16 bytes read, 1 bits of entropy available)
[    0.903507] random: udevadm: uninitialized urandom read (16 bytes read, 1 bits of entropy available)
[    0.903523] random: udevadm: uninitialized urandom read (16 bytes read, 1 bits of entropy available)
[    0.906951] random: systemd-udevd: uninitialized urandom read (16 bytes read, 1 bits of entropy available)
[    0.908367] random: systemd-udevd: uninitialized urandom read (16 bytes read, 1 bits of entropy available)
[    0.909717] random: systemd-udevd: uninitialized urandom read (16 bytes read, 1 bits of entropy available)
[    0.909913] random: udevadm: uninitialized urandom read (16 bytes read, 1 bits of entropy available)
[    0.909947] random: udevadm: uninitialized urandom read (16 bytes read, 1 bits of entropy available)
[    0.910133] random: udevadm: uninitialized urandom read (16 bytes read, 1 bits of entropy available)
[    0.910172] random: udevadm: uninitialized urandom read (16 bytes read, 1 bits of entropy available)
[    0.931760] e1000: Intel(R) PRO/1000 Network Driver - version 7.3.21-k8-NAPI
[    0.932733] e1000: Copyright (c) 1999-2006 Intel Corporation.
[    0.938777] Fusion MPT base driver 3.04.20
[    0.939437] Copyright (c) 1999-2008 LSI Corporation
[    0.940305] AVX2 version of gcm_enc/dec engaged.
[    0.941006] AES CTR mode by8 optimization enabled
[    0.945637] Fusion MPT SPI Host driver 3.04.20
[    1.176680] input: ImExPS/2 Generic Explorer Mouse as /devices/platform/i8042/serio1/input/input4
[    1.261715] e1000 0000:00:03.0 eth0: (PCI:33MHz:32-bit) 02:ed:98:3c:8e:82
[    1.262841] e1000 0000:00:03.0 eth0: Intel(R) PRO/1000 Network Connection
[    2.880440] e1000 0000:00:08.0 eth1: (PCI:33MHz:32-bit) 08:00:27:11:94:7c
[    2.881466] e1000 0000:00:08.0 eth1: Intel(R) PRO/1000 Network Connection
[    2.883084] e1000 0000:00:03.0 enp0s3: renamed from eth0
[    2.883144] mptbase: ioc0: Initiating bringup
[    2.899083] e1000 0000:00:08.0 enp0s8: renamed from eth1
[    2.951465] ioc0: LSI53C1030 A0: Capabilities={Initiator}
[    4.663357] scsi host2: ioc0: LSI53C1030 A0, FwRev=00000000h, Ports=1, MaxQ=256, IRQ=20
[    5.868725] scsi 2:0:0:0: Direct-Access     VBOX     HARDDISK         1.0  PQ: 0 ANSI: 5
[    5.873531] scsi target2:0:0: Beginning Domain Validation
[    5.875151] scsi target2:0:0: Domain Validation skipping write tests
[    5.876045] scsi target2:0:0: Ending Domain Validation
[    5.876805] scsi target2:0:0: asynchronous
[    5.878224] scsi 2:0:1:0: Direct-Access     VBOX     HARDDISK         1.0  PQ: 0 ANSI: 5
[    5.886720] scsi target2:0:1: Beginning Domain Validation
[    5.888180] scsi target2:0:1: Domain Validation skipping write tests
[    5.889046] scsi target2:0:1: Ending Domain Validation
[    5.889829] scsi target2:0:1: asynchronous
[    5.895701] sd 2:0:0:0: [sda] 83886080 512-byte logical blocks: (42.9 GB/40.0 GiB)
[    5.895724] sd 2:0:0:0: Attached scsi generic sg0 type 0
[    5.896208] sd 2:0:1:0: [sdb] 20480 512-byte logical blocks: (10.5 MB/10.0 MiB)
[    5.896275] sd 2:0:1:0: Attached scsi generic sg1 type 0
[    5.896462] sd 2:0:1:0: [sdb] Write Protect is off
[    5.896622] sd 2:0:1:0: [sdb] Incomplete mode parameter data
[    5.896624] sd 2:0:1:0: [sdb] Assuming drive cache: write through
[    5.900135] sd 2:0:1:0: [sdb] Attached SCSI disk
[    5.904057] sd 2:0:0:0: [sda] Write Protect is off
[    5.905153] sd 2:0:0:0: [sda] Incomplete mode parameter data
[    5.905961] sd 2:0:0:0: [sda] Assuming drive cache: write through
[    5.907926]  sda: sda1
[    5.908811] sd 2:0:0:0: [sda] Attached SCSI disk
Begin: Loading essential drivers ... [    7.189228] md: linear personality registered for level -1
[    7.192301] md: multipath personality registered for level -4
[    7.195713] md: raid0 personality registered for level 0
[    7.200099] md: raid1 personality registered for level 1
[    7.278918] raid6: sse2x1   gen() 12934 MB/s
[    7.346913] raid6: sse2x1   xor() 10195 MB/s
[    7.426643] raid6: sse2x2   gen() 15941 MB/s
[    7.494922] raid6: sse2x2   xor() 11628 MB/s
[    7.570995] raid6: sse2x4   gen() 20549 MB/s
[    7.639138] raid6: sse2x4   xor() 11695 MB/s
[    7.706907] raid6: avx2x1   gen() 22791 MB/s
[    7.774526] raid6: avx2x2   gen() 29864 MB/s
[    7.846824] raid6: avx2x4   gen() 36733 MB/s
[    7.847629] raid6: using algorithm avx2x4 gen() 36733 MB/s
[    7.848392] raid6: using avx2x2 recovery algorithm
[    7.849984] xor: automatically using best checksumming function:
[    7.890555]    avx       : 28473.000 MB/sec
[    7.892028] async_tx: api initialized (async)
[    7.901189] md: raid6 personality registered for level 6
[    7.901977] md: raid5 personality registered for level 5
[    7.902784] md: raid4 personality registered for level 4
[    7.909304] md: raid10 personality registered for level 10
done.
Begin: Running /scripts/init-premount ... done.
Begin: Mounting root file system ... Begin: Running /scripts/local-top ... done.
Begin: Running /scripts/local-premount ... [    7.932178] Btrfs loaded
Scanning for Btrfs filesystems
done.
Warning: fsck not present, so skipping root file system
[    7.958730] EXT4-fs (sda1): mounted filesystem with ordered data mode. Opts: (null)
done.
Begin: Running /scripts/local-bottom ... done.
Begin: Running /scripts/init-bottom ... done.
[    8.062802] systemd[1]: systemd 229 running in system mode. (+PAM +AUDIT +SELINUX +IMA +APPARMOR +SMACK +SYSVINIT +UTMP +LIBCRYPTSETUP +GCRYPT +GNUTLS +ACL +XZ -LZ4 +SECCOMP +BLKID +ELFUTILS +KMOD -IDN)
[    8.065563] systemd[1]: Detected virtualization oracle.
[    8.066416] systemd[1]: Detected architecture x86-64.

Welcome to [1mUbuntu 16.04.7 LTS[0m!

[    8.069953] systemd[1]: Set hostname to <ubuntu>.
[    8.072843] systemd[1]: Initializing machine ID from random generator.
[    8.073881] systemd[1]: Installed transient /etc/machine-id file.
[    8.682559] systemd[1]: Listening on Journal Socket (/dev/log).
[[0;32m  OK  [0m] Listening on Journal Socket (/dev/log).
[    8.684520] systemd[1]: Reached target Encrypted Volumes.
[[0;32m  OK  [0m] Reached target Encrypted Volumes.
[    8.686226] systemd[1]: Reached target User and Group Name Lookups.
[[0;32m  OK  [0m] Reached target User and Group Name Lookups.
[    8.688363] systemd[1]: Started Forward Password Requests to Wall Directory Watch.
[[0;32m  OK  [0m] Started Forward Password Requests to Wall Directory Watch.
[    8.691449] systemd[1]: Listening on Journal Audit Socket.
[[0;32m  OK  [0m] Listening on Journal Audit Socket.
[    8.693712] systemd[1]: Started Trigger resolvconf update for networkd DNS.
[[0;32m  OK  [0m] Started Trigger resolvconf update for networkd DNS.
[    8.695425] systemd[1]: Listening on LVM2 poll daemon socket.
[[0;32m  OK  [0m] Listening on LVM2 poll daemon socket.
[    8.696887] systemd[1]: Listening on udev Kernel Socket.
[[0;32m  OK  [0m] Listening on udev Kernel Socket.
[    8.698139] systemd[1]: Listening on /dev/initctl Compatibility Named Pipe.
[[0;32m  OK  [0m] Listening on /dev/initctl Compatibility Named Pipe.
[    8.699842] systemd[1]: Listening on udev Control Socket.
[[0;32m  OK  [0m] Listening on udev Control Socket.
[    8.704056] systemd[1]: Created slice System Slice.
[[0;32m  OK  [0m] Created slice System Slice.
[    8.705539] systemd[1]: Created slice system-serial\x2dgetty.slice.
[[0;32m  OK  [0m] Created slice system-serial\x2dgetty.slice.
[    8.707073] systemd[1]: Reached target System Time Synchronized.
[[0;32m  OK  [0m] Reached target System Time Synchronized.
[    8.708589] systemd[1]: Set up automount Arbitrary Executable File Formats File System Automount Point.
[[0;32m  OK  [0m] Set up automount Arbitrary Executab...ats File System Automount Point.
[    8.710710] systemd[1]: Reached target Swap.
[[0;32m  OK  [0m] Reached target Swap.
[    8.867317] systemd[1]: Listening on Journal Socket.
[[0;32m  OK  [0m] Listening on Journal Socket.
[    9.871358] systemd[1]: Starting Uncomplicated firewall...
         Starting Uncomplicated firewall...
[    9.880377] systemd[1]: Starting Set console keymap...
         Starting Set console keymap...
[    9.889163] systemd[1]: Mounting Huge Pages File System...
         Mounting Huge Pages File System...
[    9.898989] systemd[1]: Mounting Debug File System...
         Mounting Debug File System...
[    9.907347] systemd[1]: Starting Create list of required static device nodes for the current kernel...
         Starting Create list of required st... nodes for the current kernel...
[    9.915940] systemd[1]: Mounting POSIX Message Queue File System...
         Mounting POSIX Message Queue File System...
[    9.919480] systemd[1]: Listening on fsck to fsckd communication Socket.
[[0;32m  OK  [0m] Listening on fsck to fsckd communication Socket.
[    9.923346] systemd[1]: Starting File System Check on Root Device...
         Starting File System Check on Root Device...
[    9.926335] systemd[1]: Created slice User and Session Slice.
[[0;32m  OK  [0m] Created slice User and Session Slice.
[    9.928662] systemd[1]: Reached target Slices.
[[0;32m  OK  [0m] Reached target Slices.
[    9.930531] systemd[1]: Listening on LVM2 metadata daemon socket.
[[0;32m  OK  [0m] Listening on LVM2 metadata daemon socket.
[    9.932971] systemd[1]: Listening on Syslog Socket.
[[0;32m  OK  [0m] Listening on Syslog Socket.
[    9.935231] systemd[1]: Starting Journal Service...
         Starting Journal Service...
[    9.942692] systemd[1]: Listening on Device-mapper event daemon FIFOs.
[[0;32m  OK  [0m] Listening on Device-mapper event daemon FIFOs.
[    9.945014] systemd[1]: Starting Monitoring of LVM2 mirrors, snapshots etc. using dmeventd or progress polling...
         Starting Monitoring of LVM2 mirrors... dmeventd or progress polling...
[    9.949550] systemd[1]: Starting Load Kernel Modules...
         Starting Load Kernel Modules...
[    9.951817] systemd[1]: Starting Nameserver information manager...
         Starting Nameserver information manager...
[    9.956038] systemd[1]: Mounted POSIX Message Queue File System.
[[0;32m  OK  [0m] Mounted POSIX Message Queue File System.
[    9.958119] systemd[1]: Mounted Debug File System.
[[0;32m  OK  [0m] Mounted Debug File System.
[   10.460766] Loading iSCSI transport class v2.0-870.
[   10.460789] systemd[1]: Mounted Huge Pages File System.
[[0;32m  OK  [0m] Mounted Huge Pages File System.
[   10.462931] systemd[1]: Started Journal Service.
[[0;32m  OK  [0m] Started Journal Service.
[[0;32m  OK  [0m] Started Uncomplicated firewall.
[[0;32m  OK  [0m] Started Set console keymap.
[[0;32m  OK  [0m] Started Create list of required sta...ce nodes for the current kernel.
[[0;32m  OK  [0m] Started File System Check on Root Device.
[   10.471408] iscsi: registered transport (tcp)
[[0;32m  OK  [0m] Started LVM2 metadata daemon.
[[0;32m  OK  [0m] Started File System Check Daemon to report status.
         Starting Remount Root and Kernel File Systems...
         Starting Create Static Device Nodes in /dev...
[[0;32m  OK  [0m] Started Nameserver information manager.
[   10.483108] EXT4-fs (sda1): re-mounted. Opts: (null)
[[0;32m  OK  [0m] Started Remount Root and Kernel File Systems.
         Starting Load/Save Random Seed...
[   10.988096] random: nonblocking pool is initialized
         Starting udev Coldplug all Devices...
         Starting Flush Journal to Persistent Storage...
[[0;32m  OK  [0m] Started Monitoring of LVM2 mirrors,...ng dmeventd or progress polling.
[[0;32m  OK  [0m] Started Create Static Device Nodes in /dev.
[[0;32m  OK  [0m] Started Load/Save Random Seed.
         Starting udev Kernel Device Manager...
[[0;32m  OK  [0m] Reached target Local File Systems (Pre).
[[0;32m  OK  [0m] Reached target Local File Systems.
         Starting Tell Plymouth To Write Out Runtime Data...
[   11.001390] iscsi: registered transport (iser)
         Starting Commit a transient machine-id on disk...
         Starting LSB: AppArmor initialization...
         Starting Set console font and keymap...
         Starting Initial cloud-init job (pre-networking)...
[[0;32m  OK  [0m] Started Load Kernel Modules.
[[0;32m  OK  [0m] Started Tell Plymouth To Write Out Runtime Data.
         Mounting FUSE Control File System...
         Starting Apply Kernel Variables...
[[0;32m  OK  [0m] Mounted FUSE Control File System.
[   11.025382] systemd-journald[409]: Received request to flush runtime journal from PID 1
[[0;32m  OK  [0m] Started Flush Journal to Persistent Storage.
         Starting Create Volatile Files and Directories...
[[0;32m  OK  [0m] Started Apply Kernel Variables.
[[0;32m  OK  [0m] Started Create Volatile Files and Directories.
         Starting Update UTMP about System Boot/Shutdown...
[[0;32m  OK  [0m] Started Update UTMP about System Boot/Shutdown.
[[0;32m  OK  [0m] Started Commit a transient machine-id on disk.
[[0;32m  OK  [0m] Started udev Coldplug all Devices.
[[0;32m  OK  [0m] Started udev Kernel Device Manager.
[[0;32m  OK  [0m] Started Dispatch Password Requests to Console Directory Watch.
[[0;32m  OK  [0m] Found device /dev/ttyS0.
[[0;32m  OK  [0m] Listening on Load/Save RF Kill Switch Status /dev/rfkill Watch.
[[0;32m  OK  [0m] Started LSB: AppArmor initialization.
         Starting Load AppArmor profiles managed internally by snapd...
[[0;32m  OK  [0m] Started Load AppArmor profiles managed internally by snapd.
[   11.616719] cloud-init[478]: Cloud-init v. 21.1-19-gbad84ad4-0ubuntu1~16.04.2 running 'init-local' at Thu, 13 May 2021 06:33:59 +0000. Up 11.41 seconds.
[[0;32m  OK  [0m] Started Set console font and keymap.
[[0;32m  OK  [0m] Created slice system-getty.slice.
[[0;32m  OK  [0m] Started Initial cloud-init job (pre-networking).
[[0;32m  OK  [0m] Reached target Network (Pre).
         Starting Raise network interfaces...
[[0;32m  OK  [0m] Started Raise network interfaces.
         Starting Initial cloud-init job (metadata service crawler)...
[[0;32m  OK  [0m] Reached target Network.
[   12.840816] cloud-init[981]: Cloud-init v. 21.1-19-gbad84ad4-0ubuntu1~16.04.2 running 'init' at Thu, 13 May 2021 06:34:00 +0000. Up 12.33 seconds.
[   12.842393] cloud-init[981]: ci-info: ++++++++++++++++++++++++++++++++++++++Net device info+++++++++++++++++++++++++++++++++++++++
[   12.843784] cloud-init[981]: ci-info: +--------+-------+----------------------------+---------------+--------+-------------------+
[   12.845157] cloud-init[981]: ci-info: | Device |   Up  |          Address           |      Mask     | Scope  |     Hw-Address    |
[   12.846535] cloud-init[981]: ci-info: +--------+-------+----------------------------+---------------+--------+-------------------+
[   12.848200] cloud-init[981]: ci-info: | enp0s3 |  True |         10.0.2.15          | 255.255.255.0 | global | 02:ed:98:3c:8e:82 |
[   12.849877] cloud-init[981]: ci-info: | enp0s3 |  True | fe80::ed:98ff:fe3c:8e82/64 |       .       |  link  | 02:ed:98:3c:8e:82 |
[   12.851478] cloud-init[981]: ci-info: | enp0s8 | False |             .              |       .       |   .    | 08:00:27:11:94:7c |
[   12.853145] cloud-init[981]: ci-info: |   lo   |  True |         127.0.0.1          |   255.0.0.0   |  host  |         .         |
[   12.854673] cloud-init[981]: ci-info: |   lo   |  True |          ::1/128           |       .       |  host  |         .         |
[   12.856339] cloud-init[981]: ci-info: +--------+-------+----------------------------+---------------+--------+-------------------+
[   12.857711] cloud-init[981]: ci-info: +++++++++++++++++++++++++++Route IPv4 info++++++++++++++++++++++++++++
[   12.858868] cloud-init[981]: ci-info: +-------+-------------+----------+---------------+-----------+-------+
[   12.859822] cloud-init[981]: ci-info: | Route | Destination | Gateway  |    Genmask    | Interface | Flags |
[   12.861475] cloud-init[981]: ci-info: +-------+-------------+----------+---------------+-----------+-------+
[   12.868322] cloud-init[981]: ci-info: |   0   |   0.0.0.0   | 10.0.2.2 |    0.0.0.0    |   enp0s3  |   UG  |
[   12.869716] cloud-init[981]: ci-info: |   1   |   10.0.2.0  | 0.0.0.0  | 255.255.255.0 |   enp0s3  |   U   |
[   12.870755] [cloud-init[0;32m  OK  [0m[981]: ] ci-info: +-------+-------------+----------+---------------+-----------+-------+Started Initial cloud-init job (metadata service crawler).

[   12.870874] cloud-init[981]: ci-info: +++++++++++++++++++Route IPv6 info+++++++++++++++++++
[   12.873150] [cloud-init[0;32m  OK  [0m[981]: ] ci-info: +-------+-------------+---------+-----------+-------+Reached target System Initialization.

[   12.873492] cloud-init[981]: ci-info: | Route | Destination | Gateway | Interface | Flags |
[   12.875328]          cloud-initStarting LXD - unix socket.[981]: 
ci-info: +-------+-------------+---------+-----------+-------+
[   12.876690]          cloud-initStarting Socket activation for snappy daemon.[981]: 
ci-info: |   0   |  fe80::/64  |    ::   |   enp0s3  |   U   |
[   12.878003] [cloud-init[0;32m  OK  [0m[981]: ] ci-info: |   3   |   ff00::/8  |    ::   |   enp0s3  |   U   |Started Message of the Day.

[[   12.878165] [0;32m  OK  [0mcloud-init] [981]: Listening on UUID daemon activation socket.ci-info: +-------+-------------+---------+-----------+-------+

[   12.880689] cloud-init[981]: Generating public/private rsa key pair.
[   12.881581] [[0;32m  OK  [0mcloud-init] [981]: Started ACPI Events Check.Your identification has been saved in /etc/ssh/ssh_host_rsa_key.

[[0;32m  OK  [0m] [   12.882177] Reached target Paths.cloud-init
[981]: Your public key has been saved in /etc/ssh/ssh_host_rsa_key.pub.[
[0;32m  OK  [0m] Started Daily Cleanup of Temporary Directories.
[   12.883132] cloud-init[981]: The key fingerprint is:
[[0;32m  OK  [0m] [   12.883478] Listening on D-Bus System Message Bus Socket.cloud-init
[981]: [SHA256:bXDwHJ8X4vFr0ZuE//bpRPUXYk0nPAmg3bhWhbND2nI root@ubuntu-xenial[0;32m  OK  [0m] 
Listening on ACPID Listen Socket.
[   12.884566] cloud-init[[981]: [0;32m  OK  [0mThe key's randomart image is:] 
Started Daily apt download activities.
[   12.885296] cloud-init[981]: +---[RSA 2048]----+
[[0;32m  OK  [0m] Started Daily apt upgrade and clean activities.
[   12.885678] cloud-init[981]: |        . o.+++o.|
[[0;32m  OK  [0m] Reached target Timers.[   12.886092] 
cloud-init[981]: |         * *+*B+.|
[[0;32m  OK  [0m] Reached target Cloud-config availability.[   12.886637] 
cloud-init[981]: |        o *+**+=o|
[[0;32m  OK  [0m] Reached target Network is Online.[   12.887266] 
cloud-init[981]: |         +ooE.+o*|
[   12.890869] cloud-init[981]: |        S =o .o=o|
[   12.891497] cloud-init[981]: |         o   .. o|
[   12.892214] cloud-init[981]: |               .o|
[   12.892978] cloud-init[981]: |              ..o|
[   12.893720] cloud-init[981]: |              .o.|
[   12.894474] cloud-init[981]: +----[SHA256]-----+
[   12.895200] cloud-init[981]: Generating public/private dsa key pair.
[   12.896142] cloud-init[981]: Your identification has been saved in /etc/ssh/ssh_host_dsa_key.
[   12.897254] cloud-init[981]: Your public key has been saved in /etc/ssh/ssh_host_dsa_key.pub.
[   12.898373] cloud-init[981]: The key fingerprint is:
[   12.899144] cloud-init[981]: SHA256:tz2H/uyr1p3DRXh2a2X6rZ8QTLfjwUZICe4ItkB5sFw root@ubuntu-xenial
[   12.900324] cloud-init[981]: The key's randomart image is:
[   12.901183] cloud-init[981]: +---[DSA 1024]----+
[   12.908190]          cloud-initStarting iSCSI initiator daemon (iscsid)...[981]: 
|     ooE   ....  |
[[0;32m  OK  [0m] Listening on LXD - unix socket.
[   12.910016] cloud-init[981]: |    o.o.  . ...  |
[[0;32m  OK  [0m] Listening on Socket activation for snappy daemon.
[   12.910207] cloud-init[981]: |     +.o   . o + |
[   12.911866] cloud-init[981]: |      o o o o = O|
[[0;32m  OK  [0m] Reached target Sockets.
[[   12.912104] [0;32m  OK  [0mcloud-init] [981]: Reached target Basic System.|       .S... o %+|

[   12.913995] [cloud-init[0;32m  OK  [0m[981]: ] |         . o .=o+|Started Deferred execution scheduler.

[   12.914172] cloud-init[981]: |          . +o+++|
[   12.915431] cloud-init[981]: |           ..+o+=|
[   12.924209] [cloud-init[0;32m  OK  [0m[981]: ] |           .o+*=o|Started Regular background program processing daemon.

[   12.924347] cloud-init[981]: +----[SHA256]-----+
[   12.926100]          cloud-initStarting LSB: Record successful boot for GRUB...[981]: 
Generating public/private ecdsa key pair.
         Starting LSB: MD monitoring daemon...
[   12.928254] cloud-init[981]: Your identification has been saved in /etc/ssh/ssh_host_ecdsa_key.
[   12.929920]          cloud-initStarting Login Service...[981]: 
Your public key has been saved in /etc/ssh/ssh_host_ecdsa_key.pub.
[   12.931469] cloud-init[981]: The key fingerprint is:
[   12.932386] cloud-init[981]: SHA256:G1JnL3gMXE32T6P8ONfnwTwkqzznIMEuNlMCHTM8NxQ root@ubuntu-xenial
[[0;32m  OK  [0m] [   12.932584] Started D-Bus System Message Bus.cloud-init
[981]: The key's randomart image is:
[   12.935292] cloud-init[981]: +---[ECDSA 256]---+
[   12.936115] cloud-init[981]: |      .+.Eooo    |
[   12.936869] cloud-init[981]: |      .+++ ...   |
[   12.937599] cloud-init[981]: |     . .* +   ...|
[   12.938128] cloud-init[981]: |      ...* .. .o.|
[   12.938596] cloud-init[981]: |      ..S++ .+ ..|
[   12.944193] cloud-init[981]: |       .++..  O .|
[   12.944784] cloud-init[981]: |       =.o . + Bo|
[   12.945392] cloud-init[981]: |      . + o.o.o.+|
[   12.945986] cloud-init[981]: |           o+.  .|
[   12.946593] cloud-init[981]: +----[SHA256]-----+
[   12.947162] cloud-init[981]: Generating public/private ed25519 key pair.
[   12.947920] cloud-init[981]: Your identification has been saved in /etc/ssh/ssh_host_ed25519_key.
[   12.948991] cloud-init[981]: Your public key has been saved in /etc/ssh/ssh_host_ed25519_key.pub.
[   12.950000] cloud-init[981]: The key fingerprint is:
[   12.950600] cloud-init[981]: SHA256:1taBWBHGkAJFCK/zJDG1L8+rPnJrBGlM6gyJBpoNuYA root@ubuntu-xenial
[   12.951501] cloud-init[981]: The key's randomart image is:
[   12.952264] cloud-init[981]: +--[ED25519 256]--+
[   12.952985] cloud-init[981]: |....o=o .+=o     |
[   12.953635] cloud-init[981]: |E .o... .+..     |
[   12.954654] cloud-init[981]: |=Xo.o  .. . .    |
[   12.955336] cloud-init[981]: |O.*+ .   . . .   |
[   12.956029] cloud-init[981]: |=.+.o . S o .    |
[   12.956792] cloud-init[981]: | o =.+ . .       |
[   12.957491] cloud-init[981]: |   .. o          |
[   12.958160] cloud-init[981]: |  . +  .         |
[   12.958832] cloud-init[981]: |   =++.          |
[   12.959493] cloud-init[981]: +----[SHA256]-----+
         Starting LXD - container startup/shutdown...
         Starting Snap Daemon...
         Starting Accounts Service...
[[0;32m  OK  [0m] Started ACPI event daemon.
         Starting System Logging Service...
         Starting /etc/rc.local Compatibility...
         Starting Pollinate to seed the pseudo random number generator...
         Starting Virtualbox guest utils...
[[0;32m  OK  [0m] Started FUSE filesystem for LXC.
[[0;32m  OK  [0m] Started /etc/rc.local Compatibility.
[[0;32m  OK  [0m] Started Login Service.
[[0;32m  OK  [0m] Started iSCSI initiator daemon (iscsid).
         Starting Login to default iSCSI targets...
[[0;32m  OK  [0m] Started Unattended Upgrades Shutdown.
[[0;32m  OK  [0m] Started LSB: Record successful boot for GRUB.
[[0;32m  OK  [0m] Started System Logging Service.
[[0;32m  OK  [0m] Started LSB: MD monitoring daemon.
[[0;32m  OK  [0m] Started Login to default iSCSI targets.
[[0;32m  OK  [0m] Reached target Remote File Systems (Pre).
[[0;32m  OK  [0m] Reached target Remote File Systems.
         Starting LSB: automatic crash report generation...
         Starting LSB: Set the CPU Frequency Scaling governor to "ondemand"...
         Starting Permit User Sessions...
         Starting LSB: daemon to balance interrupts for SMP systems...
[[0;32m  OK  [0m] Started Permit User Sessions.
         Starting Terminate Plymouth Boot Screen...
         Starting Hold until boot process finishes up...
         Starting Authenticate and Authorize Users to Run Privileged Tasks...
[[0;32m  OK  [0m] Started Hold until boot process finishes up.
[[0;32m  OK  [0m] Started Getty on tty1.
[[0;32m  OK  [0m] Started Serial Getty on ttyS0.
[[0;32m  OK  [0m] Reached target Login Prompts.
         Starting Set console scheme...
[[0;32m  OK  [0m] Started LSB: Set the CPU Frequency Scaling governor to "ondemand".
[[0;32m  OK  [0m] Started Terminate Plymouth Boot Screen.
[[0;32m  OK  [0m] Started Set console scheme.
[[0;32m  OK  [0m] Started LSB: daemon to balance interrupts for SMP systems.
[[0;32m  OK  [0m] Started LSB: automatic crash report generation.
[[0;32m  OK  [0m] Started Virtualbox guest utils.
[[0;32m  OK  [0m] Started Authenticate and Authorize Users to Run Privileged Tasks.
[[0;32m  OK  [0m] Started Accounts Service.
[[0;32m  OK  [0m] Started LXD - container startup/shutdown.
[[0;32m  OK  [0m] Started Snap Daemon.
         Starting Wait until snapd is fully seeded...
[[0;32m  OK  [0m] Started Pollinate to seed the pseudo random number generator.
         Starting OpenBSD Secure Shell server...
[[0;32m  OK  [0m] Started OpenBSD Secure Shell server.
[[0;32m  OK  [0m] Created slice User Slice of vagrant.
         Starting User Manager for UID 1000...
[[0;32m  OK  [0m] Started Session 1 of user vagrant.
[[0;32m  OK  [0m] Started User Manager for UID 1000.
[[0;32m  OK  [0m] Started Wait until snapd is fully seeded.
[[0;32m  OK  [0m] Reached target Multi-User System.
[[0;32m  OK  [0m] Reached target Graphical Interface.
         Starting Update UTMP about System Runlevel Changes...
         Starting Apply the settings specified in cloud-config...
[[0;32m  OK  [0m] Started Update UTMP about System Runlevel Changes.
[   14.611418] cloud-init[1394]: Generating locales (this might take a while)...
[   15.139185] cloud-init[1394]:   en_US.UTF-8... done
[   15.140139] cloud-init[1394]: Generation complete.
[   15.374596] cloud-init[1394]: Cloud-init v. 21.1-19-gbad84ad4-0ubuntu1~16.04.2 running 'modules:config' at Thu, 13 May 2021 06:34:02 +0000. Up 14.53 seconds.
[[0;32m  OK  [0m] Started Apply the settings specified in cloud-config.
         Starting Execute cloud user/final scripts...
ci-info: no authorized SSH keys fingerprints found for user ubuntu.
<14>May 13 06:34:03 ec2: 
<14>May 13 06:34:03 ec2: #############################################################
<14>May 13 06:34:03 ec2: -----BEGIN SSH HOST KEY FINGERPRINTS-----
<14>May 13 06:34:03 ec2: 1024 SHA256:tz2H/uyr1p3DRXh2a2X6rZ8QTLfjwUZICe4ItkB5sFw root@ubuntu-xenial (DSA)
<14>May 13 06:34:03 ec2: 256 SHA256:G1JnL3gMXE32T6P8ONfnwTwkqzznIMEuNlMCHTM8NxQ root@ubuntu-xenial (ECDSA)
<14>May 13 06:34:03 ec2: 256 SHA256:1taBWBHGkAJFCK/zJDG1L8+rPnJrBGlM6gyJBpoNuYA root@ubuntu-xenial (ED25519)
<14>May 13 06:34:03 ec2: 2048 SHA256:bXDwHJ8X4vFr0ZuE//bpRPUXYk0nPAmg3bhWhbND2nI root@ubuntu-xenial (RSA)
<14>May 13 06:34:03 ec2: -----END SSH HOST KEY FINGERPRINTS-----
<14>May 13 06:34:03 ec2: #############################################################
-----BEGIN SSH HOST KEY KEYS-----
ecdsa-sha2-nistp256 AAAAE2VjZHNhLXNoYTItbmlzdHAyNTYAAAAIbmlzdHAyNTYAAABBBCeOhvPz4NS9Kxmh8K/PWqVoRouAe6VsqoRi4adUUufe8NJRWTtDK0yzgvkU4w3gkP7AnXhkZq+f6JnVq4Tb/S4= root@ubuntu-xenial
ssh-ed25519 AAAAC3NzaC1lZDI1NTE5AAAAIN4X2gBwbh0S8xvgZTKg87ecb28ccWf6m6gr3qwhg8YZ root@ubuntu-xenial
ssh-rsa AAAAB3NzaC1yc2EAAAADAQABAAABAQC3EDvaREbgZx+SQP2QjoCGBIh/lwdKwFB6L+sVXe7yFURuBR6lzuXRJA2CP4p1ExT2nsIocFb7R3krQNBQZLFMwW7zWSa4vZLqQ90MDcK4hybxIazjKvLyePaWgChxBagMFvEYriDSOuJNRPFkKO9gJ4lZTvZYstNR+ojW/rX/Ma3hgHqQRd8kPU2Fyi4Q95LasI6boNjInr5iuILcEvRNno9Jv1o1k0TiQTVg74fRGC0h9wcu1b2bnK7CyKZYwjEJA9ef8X0Vlg93gIW2clDIqm8BBdkJIXZ0o54rOP+7bfXRlICQaXhelu1eMViQYLF8097AWxoZasrhD9ObvX9F root@ubuntu-xenial
-----END SSH HOST KEY KEYS-----
[   15.725034] cloud-init[1529]: Cloud-init v. 21.1-19-gbad84ad4-0ubuntu1~16.04.2 running 'modules:final' at Thu, 13 May 2021 06:34:03 +0000. Up 15.61 seconds.
[   15.726568] cloud-init[1529]: ci-info: no authorized SSH keys fingerprints found for user ubuntu.
[   15.727901] cloud-init[1529]: Cloud-init v. 21.1-19-gbad84ad4-0ubuntu1~16.04.2 finished at Thu, 13 May 2021 06:34:03 +0000. Datasource DataSourceNoCloud [seed=/dev/sdb][dsmode=net].  Up 15.72 seconds
[[0;32m  OK  [0m] Started Execute cloud user/final scripts.
[[0;32m  OK  [0m] Reached target Cloud-init target.

Ubuntu 16.04.7 LTS ubuntu-xenial ttyS0

ubuntu-xenial login: 